This is pdfTeX, Version 3.14159265-2.6-1.40.16 (TeX Live 2015) (preloaded format=pdflatex 2015.10.6)  23 APR 2017 02:13
entering extended mode
 restricted \write18 enabled.
 file:line:error style messages enabled.
 %&-line parsing enabled.
**NSM2bis.tex
(./NSM2bis.tex
LaTeX2e <2015/01/01>
Babel <3.9l> and hyphenation patterns for 79 languages loaded.
(/usr/local/texlive/2015/texmf-dist/tex/latex/base/article.cls
Document Class: article 2014/09/29 v1.4h Standard LaTeX document class
(/usr/local/texlive/2015/texmf-dist/tex/latex/base/size11.clo
File: size11.clo 2014/09/29 v1.4h Standard LaTeX file (size option)
)
\c@part=\count79
\c@section=\count80
\c@subsection=\count81
\c@subsubsection=\count82
\c@paragraph=\count83
\c@subparagraph=\count84
\c@figure=\count85
\c@table=\count86
\abovecaptionskip=\skip41
\belowcaptionskip=\skip42
\bibindent=\dimen102
)
(/usr/local/texlive/2015/texmf-dist/tex/latex/graphics/graphicx.sty
Package: graphicx 2014/10/28 v1.0g Enhanced LaTeX Graphics (DPC,SPQR)

(/usr/local/texlive/2015/texmf-dist/tex/latex/graphics/keyval.sty
Package: keyval 2014/10/28 v1.15 key=value parser (DPC)
\KV@toks@=\toks14
)
(/usr/local/texlive/2015/texmf-dist/tex/latex/graphics/graphics.sty
Package: graphics 2014/10/28 v1.0p Standard LaTeX Graphics (DPC,SPQR)

(/usr/local/texlive/2015/texmf-dist/tex/latex/graphics/trig.sty
Package: trig 1999/03/16 v1.09 sin cos tan (DPC)
)
(/usr/local/texlive/2015/texmf-dist/tex/latex/latexconfig/graphics.cfg
File: graphics.cfg 2010/04/23 v1.9 graphics configuration of TeX Live
)
Package graphics Info: Driver file: pdftex.def on input line 94.

(/usr/local/texlive/2015/texmf-dist/tex/latex/pdftex-def/pdftex.def
File: pdftex.def 2011/05/27 v0.06d Graphics/color for pdfTeX

(/usr/local/texlive/2015/texmf-dist/tex/generic/oberdiek/infwarerr.sty
Package: infwarerr 2010/04/08 v1.3 Providing info/warning/error messages (HO)
)
(/usr/local/texlive/2015/texmf-dist/tex/generic/oberdiek/ltxcmds.sty
Package: ltxcmds 2011/11/09 v1.22 LaTeX kernel commands for general use (HO)
)
\Gread@gobject=\count87
))
\Gin@req@height=\dimen103
\Gin@req@width=\dimen104
)
(/usr/local/texlive/2015/texmf-dist/tex/latex/graphics/lscape.sty
Package: lscape 2000/10/22 v3.01 Landscape Pages (DPC)
)
(/usr/local/texlive/2015/texmf-dist/tex/latex/capt-of/capt-of.sty
Package: capt-of 2009/12/29 v0.2 standard captions outside of floats
)
(/usr/local/texlive/2015/texmf-dist/tex/latex/fancyhdr/fancyhdr.sty
\fancy@headwidth=\skip43
\f@ncyO@elh=\skip44
\f@ncyO@erh=\skip45
\f@ncyO@olh=\skip46
\f@ncyO@orh=\skip47
\f@ncyO@elf=\skip48
\f@ncyO@erf=\skip49
\f@ncyO@olf=\skip50
\f@ncyO@orf=\skip51
)
(/usr/local/texlive/2015/texmf-dist/tex/latex/caption/caption.sty
Package: caption 2013/05/02 v3.3-89 Customizing captions (AR)

(/usr/local/texlive/2015/texmf-dist/tex/latex/caption/caption3.sty
Package: caption3 2013/05/02 v1.6-88 caption3 kernel (AR)
Package caption3 Info: TeX engine: e-TeX on input line 57.
\captionmargin=\dimen105
\captionmargin@=\dimen106
\captionwidth=\dimen107
\caption@tempdima=\dimen108
\caption@indent=\dimen109
\caption@parindent=\dimen110
\caption@hangindent=\dimen111
)
\c@ContinuedFloat=\count88
)
(/usr/local/texlive/2015/texmf-dist/tex/latex/caption/subcaption.sty
Package: subcaption 2013/02/03 v1.1-62 Sub-captions (AR)
\c@subfigure=\count89
\c@subtable=\count90
)
(/usr/local/texlive/2015/texmf-dist/tex/latex/tools/enumerate.sty
Package: enumerate 2014/10/28 v3.00 enumerate extensions (DPC)
\@enLab=\toks15
)
(/usr/local/texlive/2015/texmf-dist/tex/latex/pgf/frontendlayer/tikz.sty
(/usr/local/texlive/2015/texmf-dist/tex/latex/pgf/basiclayer/pgf.sty
(/usr/local/texlive/2015/texmf-dist/tex/latex/pgf/utilities/pgfrcs.sty
(/usr/local/texlive/2015/texmf-dist/tex/generic/pgf/utilities/pgfutil-common.te
x
\pgfutil@everybye=\toks16
\pgfutil@tempdima=\dimen112
\pgfutil@tempdimb=\dimen113

(/usr/local/texlive/2015/texmf-dist/tex/generic/pgf/utilities/pgfutil-common-li
sts.tex))
(/usr/local/texlive/2015/texmf-dist/tex/generic/pgf/utilities/pgfutil-latex.def
\pgfutil@abb=\box26
(/usr/local/texlive/2015/texmf-dist/tex/latex/ms/everyshi.sty
Package: everyshi 2001/05/15 v3.00 EveryShipout Package (MS)
))
(/usr/local/texlive/2015/texmf-dist/tex/generic/pgf/utilities/pgfrcs.code.tex
Package: pgfrcs 2013/12/20 v3.0.0 (rcs-revision 1.28)
))
Package: pgf 2013/12/18 v3.0.0 (rcs-revision 1.14)
(/usr/local/texlive/2015/texmf-dist/tex/latex/pgf/basiclayer/pgfcore.sty
(/usr/local/texlive/2015/texmf-dist/tex/latex/pgf/systemlayer/pgfsys.sty
(/usr/local/texlive/2015/texmf-dist/tex/generic/pgf/systemlayer/pgfsys.code.tex
Package: pgfsys 2013/11/30 v3.0.0 (rcs-revision 1.47)
(/usr/local/texlive/2015/texmf-dist/tex/generic/pgf/utilities/pgfkeys.code.tex
\pgfkeys@pathtoks=\toks17
\pgfkeys@temptoks=\toks18

(/usr/local/texlive/2015/texmf-dist/tex/generic/pgf/utilities/pgfkeysfiltered.c
ode.tex
\pgfkeys@tmptoks=\toks19
))
\pgf@x=\dimen114
\pgf@y=\dimen115
\pgf@xa=\dimen116
\pgf@ya=\dimen117
\pgf@xb=\dimen118
\pgf@yb=\dimen119
\pgf@xc=\dimen120
\pgf@yc=\dimen121
\w@pgf@writea=\write3
\r@pgf@reada=\read1
\c@pgf@counta=\count91
\c@pgf@countb=\count92
\c@pgf@countc=\count93
\c@pgf@countd=\count94
\t@pgf@toka=\toks20
\t@pgf@tokb=\toks21
\t@pgf@tokc=\toks22

(/usr/local/texlive/2015/texmf-dist/tex/generic/pgf/systemlayer/pgf.cfg
File: pgf.cfg 2008/05/14  (rcs-revision 1.7)
)
Driver file for pgf: pgfsys-pdftex.def

(/usr/local/texlive/2015/texmf-dist/tex/generic/pgf/systemlayer/pgfsys-pdftex.d
ef
File: pgfsys-pdftex.def 2013/07/18  (rcs-revision 1.33)

(/usr/local/texlive/2015/texmf-dist/tex/generic/pgf/systemlayer/pgfsys-common-p
df.def
File: pgfsys-common-pdf.def 2013/10/10  (rcs-revision 1.13)
)))
(/usr/local/texlive/2015/texmf-dist/tex/generic/pgf/systemlayer/pgfsyssoftpath.
code.tex
File: pgfsyssoftpath.code.tex 2013/09/09  (rcs-revision 1.9)
\pgfsyssoftpath@smallbuffer@items=\count95
\pgfsyssoftpath@bigbuffer@items=\count96
)
(/usr/local/texlive/2015/texmf-dist/tex/generic/pgf/systemlayer/pgfsysprotocol.
code.tex
File: pgfsysprotocol.code.tex 2006/10/16  (rcs-revision 1.4)
)) (/usr/local/texlive/2015/texmf-dist/tex/latex/xcolor/xcolor.sty
Package: xcolor 2007/01/21 v2.11 LaTeX color extensions (UK)

(/usr/local/texlive/2015/texmf-dist/tex/latex/latexconfig/color.cfg
File: color.cfg 2007/01/18 v1.5 color configuration of teTeX/TeXLive
)
Package xcolor Info: Driver file: pdftex.def on input line 225.
Package xcolor Info: Model `cmy' substituted by `cmy0' on input line 1337.
Package xcolor Info: Model `hsb' substituted by `rgb' on input line 1341.
Package xcolor Info: Model `RGB' extended on input line 1353.
Package xcolor Info: Model `HTML' substituted by `rgb' on input line 1355.
Package xcolor Info: Model `Hsb' substituted by `hsb' on input line 1356.
Package xcolor Info: Model `tHsb' substituted by `hsb' on input line 1357.
Package xcolor Info: Model `HSB' substituted by `hsb' on input line 1358.
Package xcolor Info: Model `Gray' substituted by `gray' on input line 1359.
Package xcolor Info: Model `wave' substituted by `hsb' on input line 1360.
)
(/usr/local/texlive/2015/texmf-dist/tex/generic/pgf/basiclayer/pgfcore.code.tex
Package: pgfcore 2010/04/11 v3.0.0 (rcs-revision 1.7)
(/usr/local/texlive/2015/texmf-dist/tex/generic/pgf/math/pgfmath.code.tex
(/usr/local/texlive/2015/texmf-dist/tex/generic/pgf/math/pgfmathcalc.code.tex
(/usr/local/texlive/2015/texmf-dist/tex/generic/pgf/math/pgfmathutil.code.tex)
(/usr/local/texlive/2015/texmf-dist/tex/generic/pgf/math/pgfmathparser.code.tex
\pgfmath@dimen=\dimen122
\pgfmath@count=\count97
\pgfmath@box=\box27
\pgfmath@toks=\toks23
\pgfmath@stack@operand=\toks24
\pgfmath@stack@operation=\toks25
)
(/usr/local/texlive/2015/texmf-dist/tex/generic/pgf/math/pgfmathfunctions.code.
tex
(/usr/local/texlive/2015/texmf-dist/tex/generic/pgf/math/pgfmathfunctions.basic
.code.tex)
(/usr/local/texlive/2015/texmf-dist/tex/generic/pgf/math/pgfmathfunctions.trigo
nometric.code.tex)
(/usr/local/texlive/2015/texmf-dist/tex/generic/pgf/math/pgfmathfunctions.rando
m.code.tex)
(/usr/local/texlive/2015/texmf-dist/tex/generic/pgf/math/pgfmathfunctions.compa
rison.code.tex)
(/usr/local/texlive/2015/texmf-dist/tex/generic/pgf/math/pgfmathfunctions.base.
code.tex)
(/usr/local/texlive/2015/texmf-dist/tex/generic/pgf/math/pgfmathfunctions.round
.code.tex)
(/usr/local/texlive/2015/texmf-dist/tex/generic/pgf/math/pgfmathfunctions.misc.
code.tex)
(/usr/local/texlive/2015/texmf-dist/tex/generic/pgf/math/pgfmathfunctions.integ
erarithmetics.code.tex)))
(/usr/local/texlive/2015/texmf-dist/tex/generic/pgf/math/pgfmathfloat.code.tex
\c@pgfmathroundto@lastzeros=\count98
))
(/usr/local/texlive/2015/texmf-dist/tex/generic/pgf/basiclayer/pgfcorepoints.co
de.tex
File: pgfcorepoints.code.tex 2013/10/07  (rcs-revision 1.27)
\pgf@picminx=\dimen123
\pgf@picmaxx=\dimen124
\pgf@picminy=\dimen125
\pgf@picmaxy=\dimen126
\pgf@pathminx=\dimen127
\pgf@pathmaxx=\dimen128
\pgf@pathminy=\dimen129
\pgf@pathmaxy=\dimen130
\pgf@xx=\dimen131
\pgf@xy=\dimen132
\pgf@yx=\dimen133
\pgf@yy=\dimen134
\pgf@zx=\dimen135
\pgf@zy=\dimen136
)
(/usr/local/texlive/2015/texmf-dist/tex/generic/pgf/basiclayer/pgfcorepathconst
ruct.code.tex
File: pgfcorepathconstruct.code.tex 2013/10/07  (rcs-revision 1.29)
\pgf@path@lastx=\dimen137
\pgf@path@lasty=\dimen138
)
(/usr/local/texlive/2015/texmf-dist/tex/generic/pgf/basiclayer/pgfcorepathusage
.code.tex
File: pgfcorepathusage.code.tex 2013/12/13  (rcs-revision 1.23)
\pgf@shorten@end@additional=\dimen139
\pgf@shorten@start@additional=\dimen140
)
(/usr/local/texlive/2015/texmf-dist/tex/generic/pgf/basiclayer/pgfcorescopes.co
de.tex
File: pgfcorescopes.code.tex 2013/10/09  (rcs-revision 1.44)
\pgfpic=\box28
\pgf@hbox=\box29
\pgf@layerbox@main=\box30
\pgf@picture@serial@count=\count99
)
(/usr/local/texlive/2015/texmf-dist/tex/generic/pgf/basiclayer/pgfcoregraphicst
ate.code.tex
File: pgfcoregraphicstate.code.tex 2013/09/19  (rcs-revision 1.11)
\pgflinewidth=\dimen141
)
(/usr/local/texlive/2015/texmf-dist/tex/generic/pgf/basiclayer/pgfcoretransform
ations.code.tex
File: pgfcoretransformations.code.tex 2013/10/10  (rcs-revision 1.17)
\pgf@pt@x=\dimen142
\pgf@pt@y=\dimen143
\pgf@pt@temp=\dimen144
)
(/usr/local/texlive/2015/texmf-dist/tex/generic/pgf/basiclayer/pgfcorequick.cod
e.tex
File: pgfcorequick.code.tex 2008/10/09  (rcs-revision 1.3)
)
(/usr/local/texlive/2015/texmf-dist/tex/generic/pgf/basiclayer/pgfcoreobjects.c
ode.tex
File: pgfcoreobjects.code.tex 2006/10/11  (rcs-revision 1.2)
)
(/usr/local/texlive/2015/texmf-dist/tex/generic/pgf/basiclayer/pgfcorepathproce
ssing.code.tex
File: pgfcorepathprocessing.code.tex 2013/09/09  (rcs-revision 1.9)
)
(/usr/local/texlive/2015/texmf-dist/tex/generic/pgf/basiclayer/pgfcorearrows.co
de.tex
File: pgfcorearrows.code.tex 2013/11/07  (rcs-revision 1.40)
\pgfarrowsep=\dimen145
)
(/usr/local/texlive/2015/texmf-dist/tex/generic/pgf/basiclayer/pgfcoreshade.cod
e.tex
File: pgfcoreshade.code.tex 2013/07/15  (rcs-revision 1.15)
\pgf@max=\dimen146
\pgf@sys@shading@range@num=\count100
)
(/usr/local/texlive/2015/texmf-dist/tex/generic/pgf/basiclayer/pgfcoreimage.cod
e.tex
File: pgfcoreimage.code.tex 2013/07/15  (rcs-revision 1.18)

(/usr/local/texlive/2015/texmf-dist/tex/generic/pgf/basiclayer/pgfcoreexternal.
code.tex
File: pgfcoreexternal.code.tex 2013/07/15  (rcs-revision 1.20)
\pgfexternal@startupbox=\box31
))
(/usr/local/texlive/2015/texmf-dist/tex/generic/pgf/basiclayer/pgfcorelayers.co
de.tex
File: pgfcorelayers.code.tex 2013/07/18  (rcs-revision 1.7)
)
(/usr/local/texlive/2015/texmf-dist/tex/generic/pgf/basiclayer/pgfcoretranspare
ncy.code.tex
File: pgfcoretransparency.code.tex 2013/09/30  (rcs-revision 1.5)
)
(/usr/local/texlive/2015/texmf-dist/tex/generic/pgf/basiclayer/pgfcorepatterns.
code.tex
File: pgfcorepatterns.code.tex 2013/11/07  (rcs-revision 1.5)
)))
(/usr/local/texlive/2015/texmf-dist/tex/generic/pgf/modules/pgfmoduleshapes.cod
e.tex
File: pgfmoduleshapes.code.tex 2013/10/31  (rcs-revision 1.34)
\pgfnodeparttextbox=\box32
)
(/usr/local/texlive/2015/texmf-dist/tex/generic/pgf/modules/pgfmoduleplot.code.
tex
File: pgfmoduleplot.code.tex 2013/07/31  (rcs-revision 1.12)
)
(/usr/local/texlive/2015/texmf-dist/tex/latex/pgf/compatibility/pgfcomp-version
-0-65.sty
Package: pgfcomp-version-0-65 2007/07/03 v3.0.0 (rcs-revision 1.7)
\pgf@nodesepstart=\dimen147
\pgf@nodesepend=\dimen148
)
(/usr/local/texlive/2015/texmf-dist/tex/latex/pgf/compatibility/pgfcomp-version
-1-18.sty
Package: pgfcomp-version-1-18 2007/07/23 v3.0.0 (rcs-revision 1.1)
))
(/usr/local/texlive/2015/texmf-dist/tex/latex/pgf/utilities/pgffor.sty
(/usr/local/texlive/2015/texmf-dist/tex/latex/pgf/utilities/pgfkeys.sty
(/usr/local/texlive/2015/texmf-dist/tex/generic/pgf/utilities/pgfkeys.code.tex)
) (/usr/local/texlive/2015/texmf-dist/tex/latex/pgf/math/pgfmath.sty
(/usr/local/texlive/2015/texmf-dist/tex/generic/pgf/math/pgfmath.code.tex))
(/usr/local/texlive/2015/texmf-dist/tex/generic/pgf/utilities/pgffor.code.tex
Package: pgffor 2013/12/13 v3.0.0 (rcs-revision 1.25)

(/usr/local/texlive/2015/texmf-dist/tex/generic/pgf/math/pgfmath.code.tex)
\pgffor@iter=\dimen149
\pgffor@skip=\dimen150
\pgffor@stack=\toks26
\pgffor@toks=\toks27
))
(/usr/local/texlive/2015/texmf-dist/tex/generic/pgf/frontendlayer/tikz/tikz.cod
e.tex
Package: tikz 2013/12/13 v3.0.0 (rcs-revision 1.142)

(/usr/local/texlive/2015/texmf-dist/tex/generic/pgf/libraries/pgflibraryplothan
dlers.code.tex
File: pgflibraryplothandlers.code.tex 2013/08/31 v3.0.0 (rcs-revision 1.20)
\pgf@plot@mark@count=\count101
\pgfplotmarksize=\dimen151
)
\tikz@lastx=\dimen152
\tikz@lasty=\dimen153
\tikz@lastxsaved=\dimen154
\tikz@lastysaved=\dimen155
\tikzleveldistance=\dimen156
\tikzsiblingdistance=\dimen157
\tikz@figbox=\box33
\tikz@figbox@bg=\box34
\tikz@tempbox=\box35
\tikz@tempbox@bg=\box36
\tikztreelevel=\count102
\tikznumberofchildren=\count103
\tikznumberofcurrentchild=\count104
\tikz@fig@count=\count105

(/usr/local/texlive/2015/texmf-dist/tex/generic/pgf/modules/pgfmodulematrix.cod
e.tex
File: pgfmodulematrix.code.tex 2013/09/17  (rcs-revision 1.8)
\pgfmatrixcurrentrow=\count106
\pgfmatrixcurrentcolumn=\count107
\pgf@matrix@numberofcolumns=\count108
)
\tikz@expandcount=\count109

(/usr/local/texlive/2015/texmf-dist/tex/generic/pgf/frontendlayer/tikz/librarie
s/tikzlibrarytopaths.code.tex
File: tikzlibrarytopaths.code.tex 2008/06/17 v3.0.0 (rcs-revision 1.2)
)))
(/usr/local/texlive/2015/texmf-dist/tex/generic/pgf/libraries/pgflibraryarrows.
meta.code.tex
File: pgflibraryarrows.meta.code.tex 2013/12/13 v3.0.0 (rcs-revision 1.12)
\pgfarrowinset=\dimen158
\pgfarrowlength=\dimen159
\pgfarrowwidth=\dimen160
\pgfarrowlinewidth=\dimen161
) (/usr/local/texlive/2015/texmf-dist/tex/latex/url/url.sty
\Urlmuskip=\muskip10
Package: url 2013/09/16  ver 3.4  Verb mode for urls, etc.
)
(/usr/local/texlive/2015/texmf-dist/tex/latex/siunitx/siunitx.sty
(/usr/local/texlive/2015/texmf-dist/tex/latex/l3kernel/expl3.sty
Package: expl3 2015/03/01 v5547 L3 programming layer (loader) 

(/usr/local/texlive/2015/texmf-dist/tex/latex/l3kernel/expl3-code.tex
Package: expl3 2015/03/01 v5547 L3 programming layer (code) 
L3 Module: l3bootstrap 2015/02/28 v5542 L3 Bootstrap code
L3 Module: l3names 2015/02/24 v5535 L3 Namespace for primitives
L3 Module: l3basics 2015/01/27 v5500 L3 Basic definitions
L3 Module: l3expan 2014/11/27 v5472 L3 Argument expansion
L3 Module: l3tl 2015/01/27 v5500 L3 Token lists
L3 Module: l3str 2015/03/01 v5545 L3 Strings
L3 Module: l3seq 2014/08/23 v5354 L3 Sequences and stacks
L3 Module: l3int 2015/02/21 v5529 L3 Integers
\c_max_int=\count110
\l_tmpa_int=\count111
\l_tmpb_int=\count112
\g_tmpa_int=\count113
\g_tmpb_int=\count114
L3 Module: l3quark 2014/08/23 v5354 L3 Quarks
L3 Module: l3prg 2014/08/23 v5354 L3 Control structures
\g__prg_map_int=\count115
L3 Module: l3clist 2014/08/23 v5354 L3 Comma separated lists
L3 Module: l3token 2014/09/15 v5422 L3 Experimental token manipulation
L3 Module: l3prop 2014/08/23 v5354 L3 Property lists
L3 Module: l3msg 2015/02/26 v5537 L3 Messages
L3 Module: l3file 2014/08/24 v5369 L3 File and I/O operations
\l_iow_line_count_int=\count116
\l__iow_target_count_int=\count117
\l__iow_current_line_int=\count118
\l__iow_current_word_int=\count119
\l__iow_current_indentation_int=\count120
L3 Module: l3skip 2014/08/23 v5354 L3 Dimensions and skips
\c_zero_dim=\dimen162
\c_max_dim=\dimen163
\l_tmpa_dim=\dimen164
\l_tmpb_dim=\dimen165
\g_tmpa_dim=\dimen166
\g_tmpb_dim=\dimen167
\c_zero_skip=\skip52
\c_max_skip=\skip53
\l_tmpa_skip=\skip54
\l_tmpb_skip=\skip55
\g_tmpa_skip=\skip56
\g_tmpb_skip=\skip57
\c_zero_muskip=\muskip11
\c_max_muskip=\muskip12
\l_tmpa_muskip=\muskip13
\l_tmpb_muskip=\muskip14
\g_tmpa_muskip=\muskip15
\g_tmpb_muskip=\muskip16
L3 Module: l3keys 2015/01/27 v5500 L3 Key-value interfaces
\g__keyval_level_int=\count121
\l_keys_choice_int=\count122
L3 Module: l3fp 2014/08/22 v5336 L3 Floating points
\c__fp_leading_shift_int=\count123
\c__fp_middle_shift_int=\count124
\c__fp_trailing_shift_int=\count125
\c__fp_big_leading_shift_int=\count126
\c__fp_big_middle_shift_int=\count127
\c__fp_big_trailing_shift_int=\count128
\c__fp_Bigg_leading_shift_int=\count129
\c__fp_Bigg_middle_shift_int=\count130
\c__fp_Bigg_trailing_shift_int=\count131
L3 Module: l3box 2014/08/23 v5354 L3 Experimental boxes
\c_empty_box=\box37
\l_tmpa_box=\box38
\l_tmpb_box=\box39
\g_tmpa_box=\box40
\g_tmpb_box=\box41
L3 Module: l3coffins 2014/08/23 v5354 L3 Coffin code layer
\l__coffin_internal_box=\box42
\l__coffin_internal_dim=\dimen168
\l__coffin_offset_x_dim=\dimen169
\l__coffin_offset_y_dim=\dimen170
\l__coffin_x_dim=\dimen171
\l__coffin_y_dim=\dimen172
\l__coffin_x_prime_dim=\dimen173
\l__coffin_y_prime_dim=\dimen174
\c_empty_coffin=\box43
\l__coffin_aligned_coffin=\box44
\l__coffin_aligned_internal_coffin=\box45
\l_tmpa_coffin=\box46
\l_tmpb_coffin=\box47
\l__coffin_display_coffin=\box48
\l__coffin_display_coord_coffin=\box49
\l__coffin_display_pole_coffin=\box50
\l__coffin_display_offset_dim=\dimen175
\l__coffin_display_x_dim=\dimen176
\l__coffin_display_y_dim=\dimen177
L3 Module: l3color 2014/08/23 v5354 L3 Experimental color support
L3 Module: l3candidates 2015/03/01 v5544 L3 Experimental additions to l3kernel
\l__box_top_dim=\dimen178
\l__box_bottom_dim=\dimen179
\l__box_left_dim=\dimen180
\l__box_right_dim=\dimen181
\l__box_top_new_dim=\dimen182
\l__box_bottom_new_dim=\dimen183
\l__box_left_new_dim=\dimen184
\l__box_right_new_dim=\dimen185
\l__box_internal_box=\box51
\l__coffin_bounding_shift_dim=\dimen186
\l__coffin_left_corner_dim=\dimen187
\l__coffin_right_corner_dim=\dimen188
\l__coffin_bottom_corner_dim=\dimen189
\l__coffin_top_corner_dim=\dimen190
\l__coffin_scaled_total_height_dim=\dimen191
\l__coffin_scaled_width_dim=\dimen192
)
(/usr/local/texlive/2015/texmf-dist/tex/latex/l3kernel/l3unicode-data.def
File: l3unicode-data.def 2015/03/01 v5544 L3 Unicode data
)
(/usr/local/texlive/2015/texmf-dist/tex/latex/l3kernel/l3pdfmode.def
File: l3pdfmode.def 2015/03/01 v5544 L3 Experimental driver: PDF mode
\l__driver_color_stack_int=\count132
))
(/usr/local/texlive/2015/texmf-dist/tex/latex/l3packages/xparse/xparse.sty
Package: xparse 2014/11/25 v5471 L3 Experimental document command parser
\l__xparse_current_arg_int=\count133
\l__xparse_m_args_int=\count134
\l__xparse_mandatory_args_int=\count135
\l__xparse_processor_int=\count136
\l__xparse_v_nesting_int=\count137
)
Package: siunitx 2015/01/21 v2.6e A comprehensive (SI) units package

(/usr/local/texlive/2015/texmf-dist/tex/latex/amsmath/amstext.sty
Package: amstext 2000/06/29 v2.01

(/usr/local/texlive/2015/texmf-dist/tex/latex/amsmath/amsgen.sty
File: amsgen.sty 1999/11/30 v2.0
\@emptytoks=\toks28
\ex@=\dimen193
))
(/usr/local/texlive/2015/texmf-dist/tex/latex/tools/array.sty
Package: array 2014/10/28 v2.4c Tabular extension package (FMi)
\col@sep=\dimen194
\extrarowheight=\dimen195
\NC@list=\toks29
\extratabsurround=\skip58
\backup@length=\skip59
)
(/usr/local/texlive/2015/texmf-dist/tex/latex/l3packages/l3keys2e/l3keys2e.sty
Package: l3keys2e 2014/11/25 v5471 LaTeX2e option processing using LaTeX3 keys
)
Variant \tl_if_blank:VTF already defined; not changing it on line 50
\l__siunitx_tmp_box=\box52
\l__siunitx_tmp_dim=\dimen196
\l__siunitx_tmp_int=\count138
Variant \prop_get:NVNT already defined; not changing it on line 380
Variant \prop_get:NVNF already defined; not changing it on line 381
Variant \prop_get:NVNTF already defined; not changing it on line 382
\l__siunitx_number_mantissa_length_int=\count139
\l__siunitx_number_uncert_length_int=\count140
\l__siunitx_round_int=\count141
\l__siunitx_process_decimal_int=\count142
\l__siunitx_process_uncertainty_int=\count143
\l__siunitx_process_fixed_int=\count144
\l__siunitx_process_integer_min_int=\count145
\l__siunitx_process_precision_int=\count146
\l__siunitx_group_min_int=\count147
\l__siunitx_angle_marker_box=\box53
\l__siunitx_angle_unit_box=\box54
\l__siunitx_angle_marker_dim=\dimen197
\l__siunitx_angle_unit_dim=\dimen198
\l__siunitx_unit_int=\count148
\l__siunitx_unit_denominator_int=\count149
\l__siunitx_unit_numerator_int=\count150
\l__siunitx_unit_prefix_int=\count151
\l__siunitx_unit_prefix_base_int=\count152
\l__siunitx_unit_prefix_gram_int=\count153
\l__siunitx_number_product_int=\count154
\c__siunitx_one_fill_skip=\skip60
\l__siunitx_table_unit_align_skip=\skip61
\l__siunitx_table_exponent_dim=\dimen199
\l__siunitx_table_integer_dim=\dimen200
\l__siunitx_table_mantissa_dim=\dimen201
\l__siunitx_table_marker_dim=\dimen202
\l__siunitx_table_result_dim=\dimen203
\l__siunitx_table_uncert_dim=\dimen204
\l__siunitx_table_fill_pre_dim=\dimen205
\l__siunitx_table_fill_post_dim=\dimen206
\l__siunitx_table_fill_mid_dim=\dimen207
\l__siunitx_table_pre_box=\box55
\l__siunitx_table_post_box=\box56
\l__siunitx_table_mantissa_box=\box57
\l__siunitx_table_result_box=\box58
\l__siunitx_table_number_align_skip=\skip62
\l__siunitx_table_text_align_skip=\skip63
.................................................
. LaTeX info: "xparse/define-command"
. 
. Defining command \DeclareBinaryPrefix with sig. 'mmm' on line 7176.
.................................................
.................................................
. LaTeX info: "xparse/define-command"
. 
. Defining command \DeclareSIPostPower with sig. 'mm' on line 7179.
.................................................
.................................................
. LaTeX info: "xparse/define-command"
. 
. Defining command \DeclareSIPrefix with sig. 'mmm' on line 7182.
.................................................
.................................................
. LaTeX info: "xparse/define-command"
. 
. Defining command \DeclareSIPrePower with sig. 'mm' on line 7185.
.................................................
.................................................
. LaTeX info: "xparse/define-command"
. 
. Defining command \DeclareSIQualifier with sig. 'mm' on line 7188.
.................................................
.................................................
. LaTeX info: "xparse/define-command"
. 
. Defining command \DeclareSIUnit with sig. 'O{}mm' on line 7191.
.................................................
.................................................
. LaTeX info: "xparse/define-command"
. 
. Defining command \DeclareSIUnitWithOptions with sig. 'mmm' on line 7194.
.................................................
.................................................
. LaTeX info: "xparse/define-command"
. 
. Defining command \ang with sig. 'o>{\SplitArgument {2}{;}}m' on line 7209.
.................................................
.................................................
. LaTeX info: "xparse/define-command"
. 
. Defining command \num with sig. 'om' on line 7217.
.................................................
.................................................
. LaTeX info: "xparse/define-command"
. 
. Defining command \numlist with sig. 'o>{\SplitList {;}}m' on line 7225.
.................................................
.................................................
. LaTeX info: "xparse/define-command"
. 
. Defining command \numrange with sig. 'omm' on line 7233.
.................................................
.................................................
. LaTeX info: "xparse/define-command"
. 
. Defining command \SIlist with sig. 'o>{\SplitList {;}}mm' on line 7244.
.................................................
.................................................
. LaTeX info: "xparse/define-command"
. 
. Defining command \SIrange with sig. 'ommm' on line 7255.
.................................................
.................................................
. LaTeX info: "xparse/define-command"
. 
. Defining command \SI with sig. 'omom' on line 7266.
.................................................
.................................................
. LaTeX info: "xparse/define-command"
. 
. Defining command \sisetup with sig. 'm' on line 7269.
.................................................
.................................................
. LaTeX info: "xparse/define-command"
. 
. Defining command \tablenum with sig. 'om' on line 7281.
.................................................
.................................................
. LaTeX info: "xparse/define-command"
. 
. Defining command \si with sig. 'om' on line 7292.
.................................................
.................................................
. LaTeX info: "xparse/define-command"
. 
. Defining command \__siunitx_bookmark_num:w with sig. 'om' on line 7339.
.................................................
.................................................
. LaTeX info: "xparse/define-command"
. 
. Defining command \__siunitx_bookmark_numrange:w with sig. 'omm' on line
. 7341.
.................................................
.................................................
. LaTeX info: "xparse/define-command"
. 
. Defining command \__siunitx_bookmark_SI:w with sig. 'omom' on line 7343.
.................................................
.................................................
. LaTeX info: "xparse/define-command"
. 
. Defining command \__siunitx_bookmark_SIlist:w with sig. 'omm' on line 7345.
.................................................
.................................................
. LaTeX info: "xparse/define-command"
. 
. Defining command \__siunitx_bookmark_SIrange:w with sig. 'ommm' on line
. 7347.
.................................................
.................................................
. LaTeX info: "xparse/define-command"
. 
. Defining command \__siunitx_bookmark_si:w with sig. 'om' on line 7348.
.................................................
\g__file_internal_ior=\read2
(/usr/local/texlive/2015/texmf-dist/tex/latex/beamer/translator/translator.sty
Package: translator 2010/06/12 ver 1.10

(/usr/local/texlive/2015/texmf-dist/tex/latex/beamer/translator/translator-lang
uage-mappings.tex)))
(/usr/local/texlive/2015/texmf-dist/tex/latex/eurosym/eurosym.sty
Package: eurosym 1998/08/06 v1.1 European currency symbol ``Euro''
\@eurobox=\box59
)
(/usr/local/texlive/2015/texmf-dist/tex/generic/pgf/frontendlayer/tikz/librarie
s/tikzlibraryquotes.code.tex
File: tikzlibraryquotes.code.tex 2013/08/28 v3.0.0 (rcs-revision 1.3)
)
(/usr/local/texlive/2015/texmf-dist/tex/generic/pgf/frontendlayer/tikz/librarie
s/tikzlibraryangles.code.tex
File: tikzlibraryangles.code.tex 2013/08/28 v3.0.0 (rcs-revision 1.1)
)
(/usr/local/texlive/2015/texmf-dist/tex/generic/pgf/frontendlayer/tikz/librarie
s/tikzlibrarypositioning.code.tex
File: tikzlibrarypositioning.code.tex 2008/10/06 v3.0.0 (rcs-revision 1.7)
)
(/usr/local/texlive/2015/texmf-dist/tex/latex/standalone/standalone.sty
Package: standalone 2012/09/15 v1.1b Package to include TeX sub-files with prea
mbles

(/usr/local/texlive/2015/texmf-dist/tex/generic/oberdiek/ifluatex.sty
Package: ifluatex 2010/03/01 v1.3 Provides the ifluatex switch (HO)
Package ifluatex Info: LuaTeX not detected.
)
(/usr/local/texlive/2015/texmf-dist/tex/generic/oberdiek/ifpdf.sty
Package: ifpdf 2011/01/30 v2.3 Provides the ifpdf switch (HO)
Package ifpdf Info: pdfTeX in PDF mode is detected.
)
(/usr/local/texlive/2015/texmf-dist/tex/generic/ifxetex/ifxetex.sty
Package: ifxetex 2010/09/12 v0.6 Provides ifxetex conditional
)
(/usr/local/texlive/2015/texmf-dist/tex/latex/xkeyval/xkeyval.sty
Package: xkeyval 2014/12/03 v2.7a package option processing (HA)

(/usr/local/texlive/2015/texmf-dist/tex/generic/xkeyval/xkeyval.tex
(/usr/local/texlive/2015/texmf-dist/tex/generic/xkeyval/xkvutils.tex
\XKV@toks=\toks30
\XKV@tempa@toks=\toks31
)
\XKV@depth=\count155
File: xkeyval.tex 2014/12/03 v2.7a key=value parser (HA)
))
(/usr/local/texlive/2015/texmf-dist/tex/latex/currfile/currfile.sty
Package: currfile 2013/02/01 v0.7b Provides the file path elements of the curre
nt input file

(/usr/local/texlive/2015/texmf-dist/tex/latex/oberdiek/kvoptions.sty
Package: kvoptions 2011/06/30 v3.11 Key value format for package options (HO)

(/usr/local/texlive/2015/texmf-dist/tex/generic/oberdiek/kvsetkeys.sty
Package: kvsetkeys 2012/04/25 v1.16 Key value parser (HO)

(/usr/local/texlive/2015/texmf-dist/tex/generic/oberdiek/etexcmds.sty
Package: etexcmds 2011/02/16 v1.5 Avoid name clashes with e-TeX commands (HO)
Package etexcmds Info: Could not find \expanded.
(etexcmds)             That can mean that you are not using pdfTeX 1.50 or
(etexcmds)             that some package has redefined \expanded.
(etexcmds)             In the latter case, load this package earlier.
)))
(/usr/local/texlive/2015/texmf-dist/tex/latex/filehook/filehook.sty
Package: filehook 2011/10/12 v0.5d Hooks for input files
)
\c@currfiledepth=\count156
)
(/usr/local/texlive/2015/texmf-dist/tex/latex/gincltex/gincltex.sty
(/usr/local/texlive/2015/texmf-dist/tex/latex/svn-prov/svn-prov.sty
Package: svn-prov 2010/04/24 v3.1862 Package Date/Version from SVN Keywords
)
Package: gincltex 2011/09/04 v0.3 Include external LaTeX files like graphics

(/usr/local/texlive/2015/texmf-dist/tex/latex/adjustbox/adjustbox.sty
Package: adjustbox 2012/05/21 v1.0 Adjusting TeX boxes (trim, clip, ...)

(/usr/local/texlive/2015/texmf-dist/tex/latex/adjustbox/adjcalc.sty
Package: adjcalc 2012/05/16 v1.1 Provides advanced setlength with multiple back
-ends (calc, etex, pgfmath)
)
(/usr/local/texlive/2015/texmf-dist/tex/latex/adjustbox/trimclip.sty
Package: trimclip 2012/05/16 v1.0 Trim and clip general TeX material

(/usr/local/texlive/2015/texmf-dist/tex/latex/collectbox/collectbox.sty
Package: collectbox 2012/05/17 v0.4b Collect macro arguments as boxes
\collectedbox=\box60
)
\tc@llx=\dimen208
\tc@lly=\dimen209
\tc@urx=\dimen210
\tc@ury=\dimen211
Package trimclip Info: Using driver 'tc-pdftex.def'.

(/usr/local/texlive/2015/texmf-dist/tex/latex/adjustbox/tc-pdftex.def
File: tc-pdftex.def 2012/05/13 v1.0 Clipping driver for pdftex
))
\adjbox@Width=\dimen212
\adjbox@Height=\dimen213
\adjbox@Depth=\dimen214
\adjbox@Totalheight=\dimen215

(/usr/local/texlive/2015/texmf-dist/tex/latex/ifoddpage/ifoddpage.sty
Package: ifoddpage 2011/09/13 v1.0 Conditionals for odd/even page detection
\c@checkoddpage=\count157
)
(/usr/local/texlive/2015/texmf-dist/tex/latex/varwidth/varwidth.sty
Package: varwidth 2009/03/30 ver 0.92;  Variable-width minipages
\@vwid@box=\box61
\sift@deathcycles=\count158
\@vwid@loff=\dimen216
\@vwid@roff=\dimen217
))
\gincltex@box=\box62
)
(/usr/local/texlive/2015/texmf-dist/tex/latex/filemod/filemod-expmin.sty
Package: filemod-expmin 2011/09/19 v1.2 Get and compare file modification times
 (expandable; minimal)
))
(/usr/local/texlive/2015/texmf-dist/tex/latex/multirow/multirow.sty
\bigstrutjot=\dimen218
)
(/usr/local/texlive/2015/texmf-dist/tex/latex/float/float.sty
Package: float 2001/11/08 v1.3d Float enhancements (AL)
\c@float@type=\count159
\float@exts=\toks32
\float@box=\box63
\@float@everytoks=\toks33
\@floatcapt=\box64
)
(/usr/local/texlive/2015/texmf-dist/tex/latex/geometry/geometry.sty
Package: geometry 2010/09/12 v5.6 Page Geometry

(/usr/local/texlive/2015/texmf-dist/tex/generic/oberdiek/ifvtex.sty
Package: ifvtex 2010/03/01 v1.5 Detect VTeX and its facilities (HO)
Package ifvtex Info: VTeX not detected.
)
\Gm@cnth=\count160
\Gm@cntv=\count161
\c@Gm@tempcnt=\count162
\Gm@bindingoffset=\dimen219
\Gm@wd@mp=\dimen220
\Gm@odd@mp=\dimen221
\Gm@even@mp=\dimen222
\Gm@layoutwidth=\dimen223
\Gm@layoutheight=\dimen224
\Gm@layouthoffset=\dimen225
\Gm@layoutvoffset=\dimen226
\Gm@dimlist=\toks34
)
LaTeX Info: Redefining \officialeuro on input line 36.

(./NSM2bis.aux

LaTeX Warning: Label `fig:mysecondsubfig' multiply defined.


LaTeX Warning: Label `sub@fig:mysecondsubfig' multiply defined.


LaTeX Warning: Label `fig:mysecondsubfig' multiply defined.


LaTeX Warning: Label `sub@fig:mysecondsubfig' multiply defined.


LaTeX Warning: Label `my-label' multiply defined.


LaTeX Warning: Label `my-label' multiply defined.


LaTeX Warning: Label `my-label' multiply defined.

)
\openout1 = `NSM2bis.aux'.

LaTeX Font Info:    Checking defaults for OML/cmm/m/it on input line 41.
LaTeX Font Info:    ... okay on input line 41.
LaTeX Font Info:    Checking defaults for T1/cmr/m/n on input line 41.
LaTeX Font Info:    ... okay on input line 41.
LaTeX Font Info:    Checking defaults for OT1/cmr/m/n on input line 41.
LaTeX Font Info:    ... okay on input line 41.
LaTeX Font Info:    Checking defaults for OMS/cmsy/m/n on input line 41.
LaTeX Font Info:    ... okay on input line 41.
LaTeX Font Info:    Checking defaults for OMX/cmex/m/n on input line 41.
LaTeX Font Info:    ... okay on input line 41.
LaTeX Font Info:    Checking defaults for U/cmr/m/n on input line 41.
LaTeX Font Info:    ... okay on input line 41.
 (/usr/local/texlive/2015/texmf-dist/tex/context/base/supp-pdf.mkii
[Loading MPS to PDF converter (version 2006.09.02).]
\scratchcounter=\count163
\scratchdimen=\dimen227
\scratchbox=\box65
\nofMPsegments=\count164
\nofMParguments=\count165
\everyMPshowfont=\toks35
\MPscratchCnt=\count166
\MPscratchDim=\dimen228
\MPnumerator=\count167
\makeMPintoPDFobject=\count168
\everyMPtoPDFconversion=\toks36
) (/usr/local/texlive/2015/texmf-dist/tex/generic/oberdiek/pdftexcmds.sty
Package: pdftexcmds 2011/11/29 v0.20 Utility functions of pdfTeX for LuaTeX (HO
)
Package pdftexcmds Info: LuaTeX not detected.
Package pdftexcmds Info: \pdf@primitive is available.
Package pdftexcmds Info: \pdf@ifprimitive is available.
Package pdftexcmds Info: \pdfdraftmode found.
)
(/usr/local/texlive/2015/texmf-dist/tex/latex/oberdiek/epstopdf-base.sty
Package: epstopdf-base 2010/02/09 v2.5 Base part for package epstopdf

(/usr/local/texlive/2015/texmf-dist/tex/latex/oberdiek/grfext.sty
Package: grfext 2010/08/19 v1.1 Manage graphics extensions (HO)

(/usr/local/texlive/2015/texmf-dist/tex/generic/oberdiek/kvdefinekeys.sty
Package: kvdefinekeys 2011/04/07 v1.3 Define keys (HO)
))
Package grfext Info: Graphics extension search list:
(grfext)             [.png,.pdf,.jpg,.mps,.jpeg,.jbig2,.jb2,.PNG,.PDF,.JPG,.JPE
G,.JBIG2,.JB2,.eps]
(grfext)             \AppendGraphicsExtensions on input line 452.

(/usr/local/texlive/2015/texmf-dist/tex/latex/latexconfig/epstopdf-sys.cfg
File: epstopdf-sys.cfg 2010/07/13 v1.3 Configuration of (r)epstopdf for TeX Liv
e
))
Package caption Info: Begin \AtBeginDocument code.
Package caption Info: float package is loaded.
Package caption Info: End \AtBeginDocument code.

ABD: EveryShipout initializing macros
(/usr/local/texlive/2015/texmf-dist/tex/latex/beamer/translator/dicts/translato
r-basic-dictionary/translator-basic-dictionary-English.dict
Dictionary: translator-basic-dictionary, Language: English 
)
(/usr/local/texlive/2015/texmf-dist/tex/latex/siunitx/siunitx-abbreviations.cfg
File: siunitx-abbreviations.cfg 2015/01/21 v2.6e siunitx: Abbreviated units
)
*geometry* driver: auto-detecting
*geometry* detected driver: pdftex
*geometry* verbose mode - [ preamble ] result:
* driver: pdftex
* paper: a4paper
* layout: <same size as paper>
* layoutoffset:(h,v)=(0.0pt,0.0pt)
* modes: 
* h-part:(L,W,R)=(89.62709pt, 418.25368pt, 89.6271pt)
* v-part:(T,H,B)=(101.40665pt, 591.5302pt, 152.11pt)
* \paperwidth=597.50787pt
* \paperheight=845.04684pt
* \textwidth=418.25368pt
* \textheight=591.5302pt
* \oddsidemargin=17.3571pt
* \evensidemargin=17.3571pt
* \topmargin=-7.86334pt
* \headheight=12.0pt
* \headsep=25.0pt
* \topskip=11.0pt
* \footskip=30.0pt
* \marginparwidth=50.0pt
* \marginparsep=10.0pt
* \columnsep=10.0pt
* \skip\footins=10.0pt plus 4.0pt minus 2.0pt
* \hoffset=0.0pt
* \voffset=0.0pt
* \mag=1000
* \@twocolumnfalse
* \@twosidefalse
* \@mparswitchfalse
* \@reversemarginfalse
* (1in=72.27pt=25.4mm, 1cm=28.453pt)

\c__siunitx_mathsf_int=\count169
LaTeX Font Info:    External font `cmex10' loaded for size
(Font)              <10.95> on input line 41.
LaTeX Font Info:    External font `cmex10' loaded for size
(Font)              <8> on input line 41.
LaTeX Font Info:    External font `cmex10' loaded for size
(Font)              <6> on input line 41.
\c__siunitx_mathtt_int=\count170
[1

{/usr/local/texlive/2015/texmf-var/fonts/map/pdftex/updmap/pdftex.map}]

LaTeX Warning: Citation `tatem2006global' on page 1 undefined on input line 112
.


LaTeX Warning: Citation `jones2008global' on page 1 undefined on input line 112
.


LaTeX Warning: Citation `lawyer2016measuring' on page 1 undefined on input line
 112.


LaTeX Warning: Citation `nicholasyager2014' on page 1 undefined on input line 1
14.

[1]
Overfull \hbox (7.85007pt too wide) in paragraph at lines 231--233
\OT1/cmr/m/n/10.95 Each sim-u-la-tion de-pends on the prob-a-bil-ity of be-ing 
in-fected at a given timestep ($\OML/cmm/m/it/10.95 p[]$\OT1/cmr/m/n/10.95 )
 []

[2]
LaTeX Font Info:    Try loading font information for OMS+cmr on input line 238.

 (/usr/local/texlive/2015/texmf-dist/tex/latex/base/omscmr.fd
File: omscmr.fd 2014/09/29 v2.5h Standard LaTeX font definitions
)
LaTeX Font Info:    Font shape `OMS/cmr/m/n' in size <10.95> not available
(Font)              Font shape `OMS/cmsy/m/n' tried instead on input line 238.
LaTeX Font Info:    Try loading font information for OML+cmr on input line 259.


(/usr/local/texlive/2015/texmf-dist/tex/latex/base/omlcmr.fd
File: omlcmr.fd 2014/09/29 v2.5h Standard LaTeX font definitions
)
LaTeX Font Info:    Font shape `OML/cmr/m/n' in size <10.95> not available
(Font)              Font shape `OML/cmm/m/it' tried instead on input line 259.
 [3]
(./pictures.tex [4]
LaTeX Font Info:    External font `cmex10' loaded for size
(Font)              <7> on input line 50.
LaTeX Font Info:    External font `cmex10' loaded for size
(Font)              <5> on input line 50.
 <ploter01.png, id=33, 391.4625pt x 309.155pt>
File: ploter01.png Graphic file (type png)

<use ploter01.png>
Package pdftex.def Info: ploter01.png used on input line 50.
(pdftex.def)             Requested size: 170.71652pt x 134.82098pt.
 <ploter03.png, id=35, 391.4625pt x 309.155pt>
File: ploter03.png Graphic file (type png)

<use ploter03.png>
Package pdftex.def Info: ploter03.png used on input line 53.
(pdftex.def)             Requested size: 170.71652pt x 134.82098pt.
 <ploter05.png, id=36, 391.4625pt x 309.155pt>
File: ploter05.png Graphic file (type png)

<use ploter05.png>
Package pdftex.def Info: ploter05.png used on input line 57.
(pdftex.def)             Requested size: 170.71652pt x 134.82098pt.
 <ploter09.png, id=37, 391.4625pt x 309.155pt>
File: ploter09.png Graphic file (type png)

<use ploter09.png>
Package pdftex.def Info: ploter09.png used on input line 60.
(pdftex.def)             Requested size: 170.71652pt x 134.82098pt.
 [5] <realworldplot.png, id=41, 391.4625pt x 309.155pt>
File: realworldplot.png Graphic file (type png)

<use realworldplot.png>
Package pdftex.def Info: realworldplot.png used on input line 86.
(pdftex.def)             Requested size: 313.17041pt x 247.32433pt.
 [6 <./ploter01.png> <./ploter03.png> <./ploter05.png> <./ploter09.png>] <subla
rgedgewsim1.png, id=50, 391.4625pt x 309.155pt>
File: sublargedgewsim1.png Graphic file (type png)

<use sublargedgewsim1.png>
Package pdftex.def Info: sublargedgewsim1.png used on input line 98.
(pdftex.def)             Requested size: 170.71652pt x 134.82098pt.

<sublowestedgewsim1.png, id=51, 391.4625pt x 309.155pt>
File: sublowestedgewsim1.png Graphic file (type png)

<use sublowestedgewsim1.png>
Package pdftex.def Info: sublowestedgewsim1.png used on input line 101.
(pdftex.def)             Requested size: 170.71652pt x 134.82098pt.

<largestdegcsim1.png, id=52, 391.4625pt x 309.155pt>
File: largestdegcsim1.png Graphic file (type png)
 <use largestdegcsim1.png>
Package pdftex.def Info: largestdegcsim1.png used on input line 105.
(pdftex.def)             Requested size: 170.71652pt x 134.82098pt.

<minspansim1.png, id=53, 391.4625pt x 309.155pt>
File: minspansim1.png Graphic file (type png)
 <use minspansim1.png>
Package pdftex.def Info: minspansim1.png used on input line 108.
(pdftex.def)             Requested size: 170.71652pt x 134.82098pt.
 [7 <./realworldplot.png>]
<21InitialNode_Center_of_graph_1.png, id=58, 386.44376pt x 256.96pt>
File: 21InitialNode_Center_of_graph_1.png Graphic file (type png)

<use 21InitialNode_Center_of_graph_1.png>
Package pdftex.def Info: 21InitialNode_Center_of_graph_1.png used on input line
 125.
(pdftex.def)             Requested size: 170.71652pt x 113.51364pt.

<21InitialNode_Center_of_graph_2.png, id=59, 391.4625pt x 309.155pt>
File: 21InitialNode_Center_of_graph_2.png Graphic file (type png)

<use 21InitialNode_Center_of_graph_2.png>
Package pdftex.def Info: 21InitialNode_Center_of_graph_2.png used on input line
 128.
(pdftex.def)             Requested size: 170.71652pt x 134.82098pt.

<21MinDegree_Centrality_source_node_1.png, id=60, 386.44376pt x 256.96pt>
File: 21MinDegree_Centrality_source_node_1.png Graphic file (type png)

<use 21MinDegree_Centrality_source_node_1.png>
Package pdftex.def Info: 21MinDegree_Centrality_source_node_1.png used on input
 line 142.
(pdftex.def)             Requested size: 170.71652pt x 113.51364pt.

<21MinDegree_Centrality_source_node_2.png, id=61, 391.4625pt x 309.155pt>
File: 21MinDegree_Centrality_source_node_2.png Graphic file (type png)

<use 21MinDegree_Centrality_source_node_2.png>
Package pdftex.def Info: 21MinDegree_Centrality_source_node_2.png used on input
 line 145.
(pdftex.def)             Requested size: 170.71652pt x 134.82098pt.

<21MaxDegree_Centrality_source_node_1.png, id=62, 386.44376pt x 256.96pt>
File: 21MaxDegree_Centrality_source_node_1.png Graphic file (type png)

<use 21MaxDegree_Centrality_source_node_1.png>
Package pdftex.def Info: 21MaxDegree_Centrality_source_node_1.png used on input
 line 149.
(pdftex.def)             Requested size: 170.71652pt x 113.51364pt.

<21MaxDegree_Centrality_source_node_2.png, id=63, 391.4625pt x 309.155pt>
File: 21MaxDegree_Centrality_source_node_2.png Graphic file (type png)

<use 21MaxDegree_Centrality_source_node_2.png>
Package pdftex.def Info: 21MaxDegree_Centrality_source_node_2.png used on input
 line 152.
(pdftex.def)             Requested size: 170.71652pt x 134.82098pt.
 [8 <./sublargedgewsim1.png> <./sublowestedgewsim1.png> <./largestdegcsim1.png>
 <./minspansim1.png> <./21InitialNode_Center_of_graph_1.png> <./21InitialNode_C
enter_of_graph_2.png>]
<21MaxBetweeness_centrality_sourcenode_1.png, id=73, 386.44376pt x 256.96pt>
File: 21MaxBetweeness_centrality_sourcenode_1.png Graphic file (type png)

<use 21MaxBetweeness_centrality_sourcenode_1.png>
Package pdftex.def Info: 21MaxBetweeness_centrality_sourcenode_1.png used on in
put line 165.
(pdftex.def)             Requested size: 170.71652pt x 113.51364pt.

<21MaxBetweeness_centrality_sourcenode_2.png, id=74, 391.4625pt x 309.155pt>
File: 21MaxBetweeness_centrality_sourcenode_2.png Graphic file (type png)

<use 21MaxBetweeness_centrality_sourcenode_2.png>
Package pdftex.def Info: 21MaxBetweeness_centrality_sourcenode_2.png used on in
put line 168.
(pdftex.def)             Requested size: 170.71652pt x 134.82098pt.

<21MinBetweeness_centrality_sourcenode_1.png, id=75, 386.44376pt x 256.96pt>
File: 21MinBetweeness_centrality_sourcenode_1.png Graphic file (type png)

<use 21MinBetweeness_centrality_sourcenode_1.png>
Package pdftex.def Info: 21MinBetweeness_centrality_sourcenode_1.png used on in
put line 172.
(pdftex.def)             Requested size: 170.71652pt x 113.51364pt.

<21MinBetweeness_centrality_sourcenode_2.png, id=76, 391.4625pt x 309.155pt>
File: 21MinBetweeness_centrality_sourcenode_2.png Graphic file (type png)

<use 21MinBetweeness_centrality_sourcenode_2.png>
Package pdftex.def Info: 21MinBetweeness_centrality_sourcenode_2.png used on in
put line 175.
(pdftex.def)             Requested size: 170.71652pt x 134.82098pt.
 [9 <./21MinDegree_Centrality_source_node_1.png> <./21MinDegree_Centrality_sour
ce_node_2.png> <./21MaxDegree_Centrality_source_node_1.png> <./21MaxDegree_Cent
rality_source_node_2.png>]
<11MinDegree_Centrality_source_node_1.png, id=84, 386.44376pt x 256.96pt>
File: 11MinDegree_Centrality_source_node_1.png Graphic file (type png)

<use 11MinDegree_Centrality_source_node_1.png>
Package pdftex.def Info: 11MinDegree_Centrality_source_node_1.png used on input
 line 200.
(pdftex.def)             Requested size: 170.71652pt x 113.51364pt.

<11MinDegree_Centrality_source_node_2.png, id=85, 391.4625pt x 309.155pt>
File: 11MinDegree_Centrality_source_node_2.png Graphic file (type png)

<use 11MinDegree_Centrality_source_node_2.png>
Package pdftex.def Info: 11MinDegree_Centrality_source_node_2.png used on input
 line 203.
(pdftex.def)             Requested size: 170.71652pt x 134.82098pt.

<11MaxDegree_Centrality_source_node_1.png, id=86, 386.44376pt x 256.96pt>
File: 11MaxDegree_Centrality_source_node_1.png Graphic file (type png)

<use 11MaxDegree_Centrality_source_node_1.png>
Package pdftex.def Info: 11MaxDegree_Centrality_source_node_1.png used on input
 line 207.
(pdftex.def)             Requested size: 170.71652pt x 113.51364pt.

<11MaxDegree_Centrality_source_node_2.png, id=87, 391.4625pt x 309.155pt>
File: 11MaxDegree_Centrality_source_node_2.png Graphic file (type png)

<use 11MaxDegree_Centrality_source_node_2.png>
Package pdftex.def Info: 11MaxDegree_Centrality_source_node_2.png used on input
 line 210.
(pdftex.def)             Requested size: 170.71652pt x 134.82098pt.
 [10 <./21MaxBetweeness_centrality_sourcenode_1.png> <./21MaxBetweeness_central
ity_sourcenode_2.png> <./21MinBetweeness_centrality_sourcenode_1.png> <./21MinB
etweeness_centrality_sourcenode_2.png>]
<11MaxBetweeness_centrality_sourcenode_1.png, id=95, 386.44376pt x 256.96pt>
File: 11MaxBetweeness_centrality_sourcenode_1.png Graphic file (type png)

<use 11MaxBetweeness_centrality_sourcenode_1.png>
Package pdftex.def Info: 11MaxBetweeness_centrality_sourcenode_1.png used on in
put line 223.
(pdftex.def)             Requested size: 170.71652pt x 113.51364pt.

<11MaxBetweeness_centrality_sourcenode_2.png, id=96, 391.4625pt x 309.155pt>
File: 11MaxBetweeness_centrality_sourcenode_2.png Graphic file (type png)

<use 11MaxBetweeness_centrality_sourcenode_2.png>
Package pdftex.def Info: 11MaxBetweeness_centrality_sourcenode_2.png used on in
put line 226.
(pdftex.def)             Requested size: 170.71652pt x 134.82098pt.

<11MinBetweeness_centrality_sourcenode_1.png, id=97, 386.44376pt x 256.96pt>
File: 11MinBetweeness_centrality_sourcenode_1.png Graphic file (type png)

<use 11MinBetweeness_centrality_sourcenode_1.png>
Package pdftex.def Info: 11MinBetweeness_centrality_sourcenode_1.png used on in
put line 230.
(pdftex.def)             Requested size: 170.71652pt x 113.51364pt.

<11MinBetweeness_centrality_sourcenode_2.png, id=98, 391.4625pt x 309.155pt>
File: 11MinBetweeness_centrality_sourcenode_2.png Graphic file (type png)

<use 11MinBetweeness_centrality_sourcenode_2.png>
Package pdftex.def Info: 11MinBetweeness_centrality_sourcenode_2.png used on in
put line 233.
(pdftex.def)             Requested size: 170.71652pt x 134.82098pt.
 [11 <./11MinDegree_Centrality_source_node_1.png> <./11MinDegree_Centrality_sou
rce_node_2.png> <./11MaxDegree_Centrality_source_node_1.png> <./11MaxDegree_Cen
trality_source_node_2.png>]
<plotdie01.png, id=106, 391.4625pt x 328.22626pt>
File: plotdie01.png Graphic file (type png)
 <use plotdie01.png>
Package pdftex.def Info: plotdie01.png used on input line 270.
(pdftex.def)             Requested size: 170.71652pt x 143.13786pt.

<plotdie03.png, id=107, 391.4625pt x 328.22626pt>
File: plotdie03.png Graphic file (type png)
 <use plotdie03.png>
Package pdftex.def Info: plotdie03.png used on input line 273.
(pdftex.def)             Requested size: 170.71652pt x 143.13786pt.

<plotdie05.png, id=108, 391.4625pt x 328.22626pt>
File: plotdie05.png Graphic file (type png)
 <use plotdie05.png>
Package pdftex.def Info: plotdie05.png used on input line 277.
(pdftex.def)             Requested size: 170.71652pt x 143.13786pt.

<plotdie09.png, id=109, 391.4625pt x 328.22626pt>
File: plotdie09.png Graphic file (type png)
 <use plotdie09.png>
Package pdftex.def Info: plotdie09.png used on input line 280.
(pdftex.def)             Requested size: 170.71652pt x 143.13786pt.
 [12 <./11MaxBetweeness_centrality_sourcenode_1.png> <./11MaxBetweeness_central
ity_sourcenode_2.png> <./11MinBetweeness_centrality_sourcenode_1.png> <./11MinB
etweeness_centrality_sourcenode_2.png>]
<realworldplotsim2.png, id=118, 391.4625pt x 328.22626pt>
File: realworldplotsim2.png Graphic file (type png)

<use realworldplotsim2.png>
Package pdftex.def Info: realworldplotsim2.png used on input line 293.
(pdftex.def)             Requested size: 313.17041pt x 262.58136pt.
 [13 <./plotdie01.png> <./plotdie03.png> <./plotdie05.png> <./plotdie09.png>]
<largestedgesim2.png, id=126, 391.4625pt x 328.22626pt>
File: largestedgesim2.png Graphic file (type png)

<use largestedgesim2.png>
Package pdftex.def Info: largestedgesim2.png used on input line 304.
(pdftex.def)             Requested size: 170.71652pt x 143.13786pt.

<lowestedgesim2.png, id=127, 391.4625pt x 328.22626pt>
File: lowestedgesim2.png Graphic file (type png)

<use lowestedgesim2.png>
Package pdftex.def Info: lowestedgesim2.png used on input line 307.
(pdftex.def)             Requested size: 170.71652pt x 143.13786pt.
 <largestsim2.png, id=128, 391.4625pt x 328.22626pt>
File: largestsim2.png Graphic file (type png)

<use largestsim2.png>
Package pdftex.def Info: largestsim2.png used on input line 311.
(pdftex.def)             Requested size: 170.71652pt x 143.13786pt.
 <minspantreesim2.png, id=129, 391.4625pt x 328.22626pt>
File: minspantreesim2.png Graphic file (type png)

<use minspantreesim2.png>
Package pdftex.def Info: minspantreesim2.png used on input line 314.
(pdftex.def)             Requested size: 170.71652pt x 143.13786pt.
 [14 <./realworldplotsim2.png>]
<22InitialNode_Center_of_graph_1.png, id=134, 386.44376pt x 256.96pt>
File: 22InitialNode_Center_of_graph_1.png Graphic file (type png)

<use 22InitialNode_Center_of_graph_1.png>
Package pdftex.def Info: 22InitialNode_Center_of_graph_1.png used on input line
 330.
(pdftex.def)             Requested size: 170.71652pt x 113.51364pt.

<22InitialNode_Center_of_graph_2.png, id=135, 391.4625pt x 328.22626pt>
File: 22InitialNode_Center_of_graph_2.png Graphic file (type png)

<use 22InitialNode_Center_of_graph_2.png>
Package pdftex.def Info: 22InitialNode_Center_of_graph_2.png used on input line
 333.
(pdftex.def)             Requested size: 170.71652pt x 143.13786pt.

<22MinDegree_Centrality_source_node_1.png, id=136, 386.44376pt x 256.96pt>
File: 22MinDegree_Centrality_source_node_1.png Graphic file (type png)

<use 22MinDegree_Centrality_source_node_1.png>
Package pdftex.def Info: 22MinDegree_Centrality_source_node_1.png used on input
 line 346.
(pdftex.def)             Requested size: 170.71652pt x 113.51364pt.

<22MinDegree_Centrality_source_node_2.png, id=137, 391.4625pt x 328.22626pt>
File: 22MinDegree_Centrality_source_node_2.png Graphic file (type png)

<use 22MinDegree_Centrality_source_node_2.png>
Package pdftex.def Info: 22MinDegree_Centrality_source_node_2.png used on input
 line 349.
(pdftex.def)             Requested size: 170.71652pt x 143.13786pt.

<22MaxDegree_Centrality_source_node_1.png, id=138, 386.44376pt x 256.96pt>
File: 22MaxDegree_Centrality_source_node_1.png Graphic file (type png)

<use 22MaxDegree_Centrality_source_node_1.png>
Package pdftex.def Info: 22MaxDegree_Centrality_source_node_1.png used on input
 line 353.
(pdftex.def)             Requested size: 170.71652pt x 113.51364pt.

<22MaxDegree_Centrality_source_node_2.png, id=139, 391.4625pt x 328.22626pt>
File: 22MaxDegree_Centrality_source_node_2.png Graphic file (type png)

<use 22MaxDegree_Centrality_source_node_2.png>
Package pdftex.def Info: 22MaxDegree_Centrality_source_node_2.png used on input
 line 356.
(pdftex.def)             Requested size: 170.71652pt x 143.13786pt.
 [15 <./largestedgesim2.png> <./lowestedgesim2.png> <./largestsim2.png> <./mins
pantreesim2.png> <./22InitialNode_Center_of_graph_1.png> <./22InitialNode_Cente
r_of_graph_2.png>]
<22MaxBetweeness_centrality_sourcenode_1.png, id=149, 386.44376pt x 256.96pt>
File: 22MaxBetweeness_centrality_sourcenode_1.png Graphic file (type png)

<use 22MaxBetweeness_centrality_sourcenode_1.png>
Package pdftex.def Info: 22MaxBetweeness_centrality_sourcenode_1.png used on in
put line 369.
(pdftex.def)             Requested size: 170.71652pt x 113.51364pt.

<22MaxBetweeness_centrality_sourcenode_2.png, id=150, 391.4625pt x 328.22626pt>
File: 22MaxBetweeness_centrality_sourcenode_2.png Graphic file (type png)
<use 22MaxBetweeness_centrality_sourcenode_2.png>
Package pdftex.def Info: 22MaxBetweeness_centrality_sourcenode_2.png used on in
put line 372.
(pdftex.def)             Requested size: 170.71652pt x 143.13786pt.

<22MinBetweeness_centrality_sourcenode_1.png, id=151, 386.44376pt x 256.96pt>
File: 22MinBetweeness_centrality_sourcenode_1.png Graphic file (type png)

<use 22MinBetweeness_centrality_sourcenode_1.png>
Package pdftex.def Info: 22MinBetweeness_centrality_sourcenode_1.png used on in
put line 376.
(pdftex.def)             Requested size: 170.71652pt x 113.51364pt.

<22MinBetweeness_centrality_sourcenode_2.png, id=152, 391.4625pt x 328.22626pt>
File: 22MinBetweeness_centrality_sourcenode_2.png Graphic file (type png)
<use 22MinBetweeness_centrality_sourcenode_2.png>
Package pdftex.def Info: 22MinBetweeness_centrality_sourcenode_2.png used on in
put line 379.
(pdftex.def)             Requested size: 170.71652pt x 143.13786pt.
 [16 <./22MinDegree_Centrality_source_node_1.png> <./22MinDegree_Centrality_sou
rce_node_2.png> <./22MaxDegree_Centrality_source_node_1.png> <./22MaxDegree_Cen
trality_source_node_2.png>]
<InitialNode_Center_of_graph_2.png, id=160, 391.4625pt x 328.22626pt>
File: InitialNode_Center_of_graph_2.png Graphic file (type png)

<use InitialNode_Center_of_graph_2.png>
Package pdftex.def Info: InitialNode_Center_of_graph_2.png used on input line 3
92.
(pdftex.def)             Requested size: 313.17041pt x 262.58136pt.
 [17 <./22MaxBetweeness_centrality_sourcenode_1.png> <./22MaxBetweeness_central
ity_sourcenode_2.png> <./22MinBetweeness_centrality_sourcenode_1.png> <./22MinB
etweeness_centrality_sourcenode_2.png>]
<MinDegree_Centrality_source_node_2.png, id=168, 391.4625pt x 328.22626pt>
File: MinDegree_Centrality_source_node_2.png Graphic file (type png)

<use MinDegree_Centrality_source_node_2.png>
Package pdftex.def Info: MinDegree_Centrality_source_node_2.png used on input l
ine 404.
(pdftex.def)             Requested size: 170.71652pt x 143.13786pt.

<MaxDegree_Centrality_source_node_2.png, id=169, 391.4625pt x 328.22626pt>
File: MaxDegree_Centrality_source_node_2.png Graphic file (type png)

<use MaxDegree_Centrality_source_node_2.png>
Package pdftex.def Info: MaxDegree_Centrality_source_node_2.png used on input l
ine 407.
(pdftex.def)             Requested size: 170.71652pt x 143.13786pt.

<MinBetweeness_centrality_sourcenode_2.png, id=170, 391.4625pt x 328.22626pt>
File: MinBetweeness_centrality_sourcenode_2.png Graphic file (type png)

<use MinBetweeness_centrality_sourcenode_2.png>
Package pdftex.def Info: MinBetweeness_centrality_sourcenode_2.png used on inpu
t line 411.
(pdftex.def)             Requested size: 170.71652pt x 143.13786pt.

<MaxBetweeness_centrality_sourcenode_2.png, id=171, 391.4625pt x 328.22626pt>
File: MaxBetweeness_centrality_sourcenode_2.png Graphic file (type png)

<use MaxBetweeness_centrality_sourcenode_2.png>
Package pdftex.def Info: MaxBetweeness_centrality_sourcenode_2.png used on inpu
t line 414.
(pdftex.def)             Requested size: 170.71652pt x 143.13786pt.
 [18 <./InitialNode_Center_of_graph_2.png>]) [19 <./MinDegree_Centrality_source
_node_2.png> <./MaxDegree_Centrality_source_node_2.png> <./MinBetweeness_centra
lity_sourcenode_2.png> <./MaxBetweeness_centrality_sourcenode_2.png>] (./NSM2bi
s.aux)

LaTeX Warning: There were undefined references.


LaTeX Warning: There were multiply-defined labels.

 ) 
Here is how much of TeX's memory you used:
 23793 strings out of 493089
 507181 string characters out of 6134842
 490769 words of memory out of 5000000
 26846 multiletter control sequences out of 15000+600000
 13016 words of font info for 47 fonts, out of 8000000 for 9000
 1141 hyphenation exceptions out of 8191
 55i,18n,78p,10394b,1180s stack positions out of 5000i,500n,10000p,200000b,80000s
</usr/local/texlive/2015/texmf-dist/fonts/type1/public/amsfonts/cm/cmbx10.pfb
></usr/local/texlive/2015/texmf-dist/fonts/type1/public/amsfonts/cm/cmbx12.pfb>
</usr/local/texlive/2015/texmf-dist/fonts/type1/public/amsfonts/cm/cmcsc10.pfb>
</usr/local/texlive/2015/texmf-dist/fonts/type1/public/amsfonts/cm/cmmi10.pfb><
/usr/local/texlive/2015/texmf-dist/fonts/type1/public/amsfonts/cm/cmmi8.pfb></u
sr/local/texlive/2015/texmf-dist/fonts/type1/public/amsfonts/cm/cmr10.pfb></usr
/local/texlive/2015/texmf-dist/fonts/type1/public/amsfonts/cm/cmr12.pfb></usr/l
ocal/texlive/2015/texmf-dist/fonts/type1/public/amsfonts/cm/cmr8.pfb></usr/loca
l/texlive/2015/texmf-dist/fonts/type1/public/amsfonts/cm/cmsy10.pfb></usr/local
/texlive/2015/texmf-dist/fonts/type1/public/amsfonts/cm/cmti10.pfb></usr/local/
texlive/2015/texmf-dist/fonts/type1/public/amsfonts/cm/cmti12.pfb></usr/local/t
exlive/2015/texmf-dist/fonts/type1/public/amsfonts/cm/cmtt10.pfb>
Output written on NSM2bis.pdf (20 pages, 1331936 bytes).
PDF statistics:
 223 PDF objects out of 1000 (max. 8388607)
 86 compressed objects within 1 object stream
 0 named destinations out of 1000 (max. 500000)
 268 words of extra memory for PDF output out of 10000 (max. 10000000)

