This is pdfTeX, Version 3.14159265-2.6-1.40.17 (TeX Live 2016) (preloaded format=pdflatex 2017.2.25)  23 APR 2017 00:04
entering extended mode
 restricted \write18 enabled.
 file:line:error style messages enabled.
 %&-line parsing enabled.
**pictures.tex
(./pictures.tex
LaTeX2e <2016/03/31>
Babel <3.9r> and hyphenation patterns for 83 language(s) loaded.
(/usr/local/texlive/2016/texmf-dist/tex/latex/base/article.cls
Document Class: article 2014/09/29 v1.4h Standard LaTeX document class
(/usr/local/texlive/2016/texmf-dist/tex/latex/base/size10.clo
File: size10.clo 2014/09/29 v1.4h Standard LaTeX file (size option)
)
\c@part=\count79
\c@section=\count80
\c@subsection=\count81
\c@subsubsection=\count82
\c@paragraph=\count83
\c@subparagraph=\count84
\c@figure=\count85
\c@table=\count86
\abovecaptionskip=\skip41
\belowcaptionskip=\skip42
\bibindent=\dimen102
)
(/usr/local/texlive/2016/texmf-dist/tex/latex/caption/caption.sty
Package: caption 2016/02/21 v3.3-144 Customizing captions (AR)

(/usr/local/texlive/2016/texmf-dist/tex/latex/caption/caption3.sty
Package: caption3 2016/02/04 v1.7-139 caption3 kernel (AR)
Package caption3 Info: TeX engine: e-TeX on input line 67.

(/usr/local/texlive/2016/texmf-dist/tex/latex/graphics/keyval.sty
Package: keyval 2014/10/28 v1.15 key=value parser (DPC)
\KV@toks@=\toks14
)
\captionmargin=\dimen103
\captionmargin@=\dimen104
\captionwidth=\dimen105
\caption@tempdima=\dimen106
\caption@indent=\dimen107
\caption@parindent=\dimen108
\caption@hangindent=\dimen109
)
\c@ContinuedFloat=\count87
)
(/usr/local/texlive/2016/texmf-dist/tex/latex/caption/subcaption.sty
Package: subcaption 2016/02/20 v1.1-142 Sub-captions (AR)
\c@subfigure=\count88
\c@subtable=\count89
)
(/usr/local/texlive/2016/texmf-dist/tex/latex/float/float.sty
Package: float 2001/11/08 v1.3d Float enhancements (AL)
\c@float@type=\count90
\float@exts=\toks15
\float@box=\box26
\@float@everytoks=\toks16
\@floatcapt=\box27
)
(/usr/local/texlive/2016/texmf-dist/tex/latex/subfig/subfig.sty
Package: subfig 2005/06/28 ver: 1.3 subfig package
\c@KVtest=\count91
\sf@farskip=\skip43
\sf@captopadj=\dimen110
\sf@capskip=\skip44
\sf@nearskip=\skip45
\sf@top=\skip46
\sf@bottom=\skip47
)
(/usr/local/texlive/2016/texmf-dist/tex/latex/graphics/graphicx.sty
Package: graphicx 2014/10/28 v1.0g Enhanced LaTeX Graphics (DPC,SPQR)

(/usr/local/texlive/2016/texmf-dist/tex/latex/graphics/graphics.sty
Package: graphics 2016/05/09 v1.0r Standard LaTeX Graphics (DPC,SPQR)

(/usr/local/texlive/2016/texmf-dist/tex/latex/graphics/trig.sty
Package: trig 2016/01/03 v1.10 sin cos tan (DPC)
)
(/usr/local/texlive/2016/texmf-dist/tex/latex/graphics-cfg/graphics.cfg
File: graphics.cfg 2016/01/02 v1.10 sample graphics configuration
)
Package graphics Info: Driver file: pdftex.def on input line 96.

(/usr/local/texlive/2016/texmf-dist/tex/latex/pdftex-def/pdftex.def
File: pdftex.def 2011/05/27 v0.06d Graphics/color for pdfTeX

(/usr/local/texlive/2016/texmf-dist/tex/generic/oberdiek/infwarerr.sty
Package: infwarerr 2016/05/16 v1.4 Providing info/warning/error messages (HO)
)
(/usr/local/texlive/2016/texmf-dist/tex/generic/oberdiek/ltxcmds.sty
Package: ltxcmds 2016/05/16 v1.23 LaTeX kernel commands for general use (HO)
)
\Gread@gobject=\count92
))
\Gin@req@height=\dimen111
\Gin@req@width=\dimen112
)

LaTeX Warning: Unused global option(s):
    [a4paper&11pt].

(./pictures.aux

LaTeX Warning: Label `my-label' multiply defined.


LaTeX Warning: Label `my-label' multiply defined.

)
\openout1 = `pictures.aux'.

LaTeX Font Info:    Checking defaults for OML/cmm/m/it on input line 15.
LaTeX Font Info:    ... okay on input line 15.
LaTeX Font Info:    Checking defaults for T1/cmr/m/n on input line 15.
LaTeX Font Info:    ... okay on input line 15.
LaTeX Font Info:    Checking defaults for OT1/cmr/m/n on input line 15.
LaTeX Font Info:    ... okay on input line 15.
LaTeX Font Info:    Checking defaults for OMS/cmsy/m/n on input line 15.
LaTeX Font Info:    ... okay on input line 15.
LaTeX Font Info:    Checking defaults for OMX/cmex/m/n on input line 15.
LaTeX Font Info:    ... okay on input line 15.
LaTeX Font Info:    Checking defaults for U/cmr/m/n on input line 15.
LaTeX Font Info:    ... okay on input line 15.
Package caption Info: Begin \AtBeginDocument code.
Package caption Info: subfig package v1.3 is loaded.
Package caption Info: float package is loaded.
Package caption Info: End \AtBeginDocument code.
 (/usr/local/texlive/2016/texmf-dist/tex/context/base/mkii/supp-pdf.mkii
[Loading MPS to PDF converter (version 2006.09.02).]
\scratchcounter=\count93
\scratchdimen=\dimen113
\scratchbox=\box28
\nofMPsegments=\count94
\nofMParguments=\count95
\everyMPshowfont=\toks17
\MPscratchCnt=\count96
\MPscratchDim=\dimen114
\MPnumerator=\count97
\makeMPintoPDFobject=\count98
\everyMPtoPDFconversion=\toks18
) (/usr/local/texlive/2016/texmf-dist/tex/generic/oberdiek/pdftexcmds.sty
Package: pdftexcmds 2016/05/10 v0.21 Utility functions of pdfTeX for LuaTeX (HO
)

(/usr/local/texlive/2016/texmf-dist/tex/generic/oberdiek/ifluatex.sty
Package: ifluatex 2016/05/16 v1.4 Provides the ifluatex switch (HO)
Package ifluatex Info: LuaTeX not detected.
)
(/usr/local/texlive/2016/texmf-dist/tex/generic/oberdiek/ifpdf.sty
Package: ifpdf 2016/05/14 v3.1 Provides the ifpdf switch
)
Package pdftexcmds Info: LuaTeX not detected.
Package pdftexcmds Info: \pdf@primitive is available.
Package pdftexcmds Info: \pdf@ifprimitive is available.
Package pdftexcmds Info: \pdfdraftmode found.
)
(/usr/local/texlive/2016/texmf-dist/tex/latex/oberdiek/epstopdf-base.sty
Package: epstopdf-base 2016/05/15 v2.6 Base part for package epstopdf

(/usr/local/texlive/2016/texmf-dist/tex/latex/oberdiek/grfext.sty
Package: grfext 2016/05/16 v1.2 Manage graphics extensions (HO)

(/usr/local/texlive/2016/texmf-dist/tex/generic/oberdiek/kvdefinekeys.sty
Package: kvdefinekeys 2016/05/16 v1.4 Define keys (HO)
))
(/usr/local/texlive/2016/texmf-dist/tex/latex/oberdiek/kvoptions.sty
Package: kvoptions 2016/05/16 v3.12 Key value format for package options (HO)

(/usr/local/texlive/2016/texmf-dist/tex/generic/oberdiek/kvsetkeys.sty
Package: kvsetkeys 2016/05/16 v1.17 Key value parser (HO)

(/usr/local/texlive/2016/texmf-dist/tex/generic/oberdiek/etexcmds.sty
Package: etexcmds 2016/05/16 v1.6 Avoid name clashes with e-TeX commands (HO)
Package etexcmds Info: Could not find \expanded.
(etexcmds)             That can mean that you are not using pdfTeX 1.50 or
(etexcmds)             that some package has redefined \expanded.
(etexcmds)             In the latter case, load this package earlier.
)))
Package grfext Info: Graphics extension search list:
(grfext)             [.png,.pdf,.jpg,.mps,.jpeg,.jbig2,.jb2,.PNG,.PDF,.JPG,.JPE
G,.JBIG2,.JB2,.eps]
(grfext)             \AppendGraphicsExtensions on input line 456.

(/usr/local/texlive/2016/texmf-dist/tex/latex/latexconfig/epstopdf-sys.cfg
File: epstopdf-sys.cfg 2010/07/13 v1.3 Configuration of (r)epstopdf for TeX Liv
e
))
LaTeX Font Info:    External font `cmex10' loaded for size
(Font)              <7> on input line 38.
LaTeX Font Info:    External font `cmex10' loaded for size
(Font)              <5> on input line 38.
LaTeX Font Info:    External font `cmex10' loaded for size
(Font)              <9> on input line 50.
LaTeX Font Info:    External font `cmex10' loaded for size
(Font)              <6> on input line 50.

<ploter01.png, id=1, 391.4625pt x 309.155pt>
File: ploter01.png Graphic file (type png)
 <use ploter01.png>
Package pdftex.def Info: ploter01.png used on input line 50.
(pdftex.def)             Requested size: 170.71652pt x 134.82098pt.

<ploter03.png, id=3, 391.4625pt x 309.155pt>
File: ploter03.png Graphic file (type png)
 <use ploter03.png>
Package pdftex.def Info: ploter03.png used on input line 53.
(pdftex.def)             Requested size: 170.71652pt x 134.82098pt.

<ploter05.png, id=4, 391.4625pt x 309.155pt>
File: ploter05.png Graphic file (type png)
 <use ploter05.png>
Package pdftex.def Info: ploter05.png used on input line 57.
(pdftex.def)             Requested size: 170.71652pt x 134.82098pt.

<ploter09.png, id=5, 391.4625pt x 309.155pt>
File: ploter09.png Graphic file (type png)
 <use ploter09.png>
Package pdftex.def Info: ploter09.png used on input line 60.
(pdftex.def)             Requested size: 170.71652pt x 134.82098pt.

Overfull \hbox (20.43304pt too wide) in paragraph at lines 47--64
 [][] 
 []

[1

{/usr/local/texlive/2016/texmf-var/fonts/map/pdftex/updmap/pdftex.map} <./plote
r01.png> <./ploter03.png> <./ploter05.png> <./ploter09.png>]
<realworldplot.png, id=20, 391.4625pt x 309.155pt>
File: realworldplot.png Graphic file (type png)
 <use realworldplot.png>
Package pdftex.def Info: realworldplot.png used on input line 86.
(pdftex.def)             Requested size: 313.17041pt x 247.32433pt.

<sublargedgewsim1.png, id=21, 391.4625pt x 309.155pt>
File: sublargedgewsim1.png Graphic file (type png)

<use sublargedgewsim1.png>
Package pdftex.def Info: sublargedgewsim1.png used on input line 98.
(pdftex.def)             Requested size: 170.71652pt x 134.82098pt.

<sublowestedgewsim1.png, id=22, 391.4625pt x 309.155pt>
File: sublowestedgewsim1.png Graphic file (type png)

<use sublowestedgewsim1.png>
Package pdftex.def Info: sublowestedgewsim1.png used on input line 101.
(pdftex.def)             Requested size: 170.71652pt x 134.82098pt.

<largestdegcsim1.png, id=23, 391.4625pt x 309.155pt>
File: largestdegcsim1.png Graphic file (type png)
 <use largestdegcsim1.png>
Package pdftex.def Info: largestdegcsim1.png used on input line 105.
(pdftex.def)             Requested size: 170.71652pt x 134.82098pt.

<minspansim1.png, id=24, 391.4625pt x 309.155pt>
File: minspansim1.png Graphic file (type png)
 <use minspansim1.png>
Package pdftex.def Info: minspansim1.png used on input line 108.
(pdftex.def)             Requested size: 170.71652pt x 134.82098pt.

Overfull \hbox (20.43304pt too wide) in paragraph at lines 95--112
 [][] 
 []

[2 <./realworldplot.png>]
<21InitialNode_Center_of_graph_1.png, id=29, 386.44376pt x 256.96pt>
File: 21InitialNode_Center_of_graph_1.png Graphic file (type png)

<use 21InitialNode_Center_of_graph_1.png>
Package pdftex.def Info: 21InitialNode_Center_of_graph_1.png used on input line
 125.
(pdftex.def)             Requested size: 170.71652pt x 113.51364pt.

<21InitialNode_Center_of_graph_2.png, id=30, 391.4625pt x 309.155pt>
File: 21InitialNode_Center_of_graph_2.png Graphic file (type png)

<use 21InitialNode_Center_of_graph_2.png>
Package pdftex.def Info: 21InitialNode_Center_of_graph_2.png used on input line
 128.
(pdftex.def)             Requested size: 170.71652pt x 134.82098pt.

Overfull \hbox (20.43304pt too wide) in paragraph at lines 122--132
 [][] 
 []

<21MinDegree_Centrality_source_node_1.png, id=31, 386.44376pt x 256.96pt>
File: 21MinDegree_Centrality_source_node_1.png Graphic file (type png)

<use 21MinDegree_Centrality_source_node_1.png>
Package pdftex.def Info: 21MinDegree_Centrality_source_node_1.png used on input
 line 142.
(pdftex.def)             Requested size: 170.71652pt x 113.51364pt.

<21MinDegree_Centrality_source_node_2.png, id=32, 391.4625pt x 309.155pt>
File: 21MinDegree_Centrality_source_node_2.png Graphic file (type png)

<use 21MinDegree_Centrality_source_node_2.png>
Package pdftex.def Info: 21MinDegree_Centrality_source_node_2.png used on input
 line 145.
(pdftex.def)             Requested size: 170.71652pt x 134.82098pt.

<21MaxDegree_Centrality_source_node_1.png, id=33, 386.44376pt x 256.96pt>
File: 21MaxDegree_Centrality_source_node_1.png Graphic file (type png)

<use 21MaxDegree_Centrality_source_node_1.png>
Package pdftex.def Info: 21MaxDegree_Centrality_source_node_1.png used on input
 line 149.
(pdftex.def)             Requested size: 170.71652pt x 113.51364pt.

<21MaxDegree_Centrality_source_node_2.png, id=34, 391.4625pt x 309.155pt>
File: 21MaxDegree_Centrality_source_node_2.png Graphic file (type png)

<use 21MaxDegree_Centrality_source_node_2.png>
Package pdftex.def Info: 21MaxDegree_Centrality_source_node_2.png used on input
 line 152.
(pdftex.def)             Requested size: 170.71652pt x 134.82098pt.

Overfull \hbox (20.43304pt too wide) in paragraph at lines 139--156
 [][] 
 []

[3 <./sublargedgewsim1.png> <./sublowestedgewsim1.png> <./largestdegcsim1.png> 
<./minspansim1.png> <./21InitialNode_Center_of_graph_1.png> <./21InitialNode_Ce
nter_of_graph_2.png>]
<21MaxBetweeness_centrality_sourcenode_1.png, id=44, 386.44376pt x 256.96pt>
File: 21MaxBetweeness_centrality_sourcenode_1.png Graphic file (type png)

<use 21MaxBetweeness_centrality_sourcenode_1.png>
Package pdftex.def Info: 21MaxBetweeness_centrality_sourcenode_1.png used on in
put line 165.
(pdftex.def)             Requested size: 170.71652pt x 113.51364pt.

<21MaxBetweeness_centrality_sourcenode_2.png, id=45, 391.4625pt x 309.155pt>
File: 21MaxBetweeness_centrality_sourcenode_2.png Graphic file (type png)

<use 21MaxBetweeness_centrality_sourcenode_2.png>
Package pdftex.def Info: 21MaxBetweeness_centrality_sourcenode_2.png used on in
put line 168.
(pdftex.def)             Requested size: 170.71652pt x 134.82098pt.

<21MinBetweeness_centrality_sourcenode_1.png, id=46, 386.44376pt x 256.96pt>
File: 21MinBetweeness_centrality_sourcenode_1.png Graphic file (type png)

<use 21MinBetweeness_centrality_sourcenode_1.png>
Package pdftex.def Info: 21MinBetweeness_centrality_sourcenode_1.png used on in
put line 172.
(pdftex.def)             Requested size: 170.71652pt x 113.51364pt.

<21MinBetweeness_centrality_sourcenode_2.png, id=47, 391.4625pt x 309.155pt>
File: 21MinBetweeness_centrality_sourcenode_2.png Graphic file (type png)

<use 21MinBetweeness_centrality_sourcenode_2.png>
Package pdftex.def Info: 21MinBetweeness_centrality_sourcenode_2.png used on in
put line 175.
(pdftex.def)             Requested size: 170.71652pt x 134.82098pt.

Overfull \hbox (20.43304pt too wide) in paragraph at lines 162--179
 [][] 
 []

[4 <./21MinDegree_Centrality_source_node_1.png> <./21MinDegree_Centrality_sourc
e_node_2.png> <./21MaxDegree_Centrality_source_node_1.png> <./21MaxDegree_Centr
ality_source_node_2.png>]
<11InitialNode_Center_of_graph_1.png, id=55, 386.44376pt x 256.96pt>
File: 11InitialNode_Center_of_graph_1.png Graphic file (type png)

<use 11InitialNode_Center_of_graph_1.png>
Package pdftex.def Info: 11InitialNode_Center_of_graph_1.png used on input line
 199.
(pdftex.def)             Requested size: 170.71652pt x 113.51364pt.

<11InitialNode_Center_of_graph_2.png, id=56, 391.4625pt x 328.22626pt>
File: 11InitialNode_Center_of_graph_2.png Graphic file (type png)

<use 11InitialNode_Center_of_graph_2.png>
Package pdftex.def Info: 11InitialNode_Center_of_graph_2.png used on input line
 202.
(pdftex.def)             Requested size: 170.71652pt x 143.13786pt.

Overfull \hbox (20.43304pt too wide) in paragraph at lines 196--206
 [][] 
 []

<11MinDegree_Centrality_source_node_1.png, id=57, 386.44376pt x 256.96pt>
File: 11MinDegree_Centrality_source_node_1.png Graphic file (type png)

<use 11MinDegree_Centrality_source_node_1.png>
Package pdftex.def Info: 11MinDegree_Centrality_source_node_1.png used on input
 line 215.
(pdftex.def)             Requested size: 170.71652pt x 113.51364pt.

<11MinDegree_Centrality_source_node_2.png, id=58, 391.4625pt x 309.155pt>
File: 11MinDegree_Centrality_source_node_2.png Graphic file (type png)

<use 11MinDegree_Centrality_source_node_2.png>
Package pdftex.def Info: 11MinDegree_Centrality_source_node_2.png used on input
 line 218.
(pdftex.def)             Requested size: 170.71652pt x 134.82098pt.

<11MaxDegree_Centrality_source_node_1.png, id=59, 386.44376pt x 256.96pt>
File: 11MaxDegree_Centrality_source_node_1.png Graphic file (type png)

<use 11MaxDegree_Centrality_source_node_1.png>
Package pdftex.def Info: 11MaxDegree_Centrality_source_node_1.png used on input
 line 222.
(pdftex.def)             Requested size: 170.71652pt x 113.51364pt.

<11MaxDegree_Centrality_source_node_2.png, id=60, 391.4625pt x 309.155pt>
File: 11MaxDegree_Centrality_source_node_2.png Graphic file (type png)

<use 11MaxDegree_Centrality_source_node_2.png>
Package pdftex.def Info: 11MaxDegree_Centrality_source_node_2.png used on input
 line 225.
(pdftex.def)             Requested size: 170.71652pt x 134.82098pt.

Overfull \hbox (20.43304pt too wide) in paragraph at lines 212--229
 [][] 
 []

[5 <./21MaxBetweeness_centrality_sourcenode_1.png> <./21MaxBetweeness_centralit
y_sourcenode_2.png> <./21MinBetweeness_centrality_sourcenode_1.png> <./21MinBet
weeness_centrality_sourcenode_2.png> <./11InitialNode_Center_of_graph_1.png> <.
/11InitialNode_Center_of_graph_2.png>]
<11MaxBetweeness_centrality_sourcenode_1.png, id=70, 386.44376pt x 256.96pt>
File: 11MaxBetweeness_centrality_sourcenode_1.png Graphic file (type png)

<use 11MaxBetweeness_centrality_sourcenode_1.png>
Package pdftex.def Info: 11MaxBetweeness_centrality_sourcenode_1.png used on in
put line 238.
(pdftex.def)             Requested size: 170.71652pt x 113.51364pt.

<11MaxBetweeness_centrality_sourcenode_2.png, id=71, 391.4625pt x 309.155pt>
File: 11MaxBetweeness_centrality_sourcenode_2.png Graphic file (type png)

<use 11MaxBetweeness_centrality_sourcenode_2.png>
Package pdftex.def Info: 11MaxBetweeness_centrality_sourcenode_2.png used on in
put line 241.
(pdftex.def)             Requested size: 170.71652pt x 134.82098pt.

<11MinBetweeness_centrality_sourcenode_1.png, id=72, 386.44376pt x 256.96pt>
File: 11MinBetweeness_centrality_sourcenode_1.png Graphic file (type png)

<use 11MinBetweeness_centrality_sourcenode_1.png>
Package pdftex.def Info: 11MinBetweeness_centrality_sourcenode_1.png used on in
put line 245.
(pdftex.def)             Requested size: 170.71652pt x 113.51364pt.

<11MinBetweeness_centrality_sourcenode_2.png, id=73, 391.4625pt x 309.155pt>
File: 11MinBetweeness_centrality_sourcenode_2.png Graphic file (type png)

<use 11MinBetweeness_centrality_sourcenode_2.png>
Package pdftex.def Info: 11MinBetweeness_centrality_sourcenode_2.png used on in
put line 248.
(pdftex.def)             Requested size: 170.71652pt x 134.82098pt.

Overfull \hbox (20.43304pt too wide) in paragraph at lines 235--252
 [][] 
 []

[6 <./11MinDegree_Centrality_source_node_1.png> <./11MinDegree_Centrality_sourc
e_node_2.png> <./11MaxDegree_Centrality_source_node_1.png> <./11MaxDegree_Centr
ality_source_node_2.png>] <plotdie01.png, id=81, 391.4625pt x 328.22626pt>
File: plotdie01.png Graphic file (type png)

<use plotdie01.png>
Package pdftex.def Info: plotdie01.png used on input line 285.
(pdftex.def)             Requested size: 170.71652pt x 143.13786pt.
 <plotdie03.png, id=82, 391.4625pt x 328.22626pt>
File: plotdie03.png Graphic file (type png)

<use plotdie03.png>
Package pdftex.def Info: plotdie03.png used on input line 288.
(pdftex.def)             Requested size: 170.71652pt x 143.13786pt.
 <plotdie05.png, id=83, 391.4625pt x 328.22626pt>
File: plotdie05.png Graphic file (type png)

<use plotdie05.png>
Package pdftex.def Info: plotdie05.png used on input line 292.
(pdftex.def)             Requested size: 170.71652pt x 143.13786pt.
 <plotdie09.png, id=84, 391.4625pt x 328.22626pt>
File: plotdie09.png Graphic file (type png)

<use plotdie09.png>
Package pdftex.def Info: plotdie09.png used on input line 295.
(pdftex.def)             Requested size: 170.71652pt x 143.13786pt.

Overfull \hbox (20.43304pt too wide) in paragraph at lines 282--299
 [][] 
 []

[7 <./11MaxBetweeness_centrality_sourcenode_1.png> <./11MaxBetweeness_centralit
y_sourcenode_2.png> <./11MinBetweeness_centrality_sourcenode_1.png> <./11MinBet
weeness_centrality_sourcenode_2.png>]
<realworldplotsim2.png, id=93, 391.4625pt x 328.22626pt>
File: realworldplotsim2.png Graphic file (type png)

<use realworldplotsim2.png>
Package pdftex.def Info: realworldplotsim2.png used on input line 308.
(pdftex.def)             Requested size: 313.17041pt x 262.58136pt.
 [8 <./plotdie01.png> <./plotdie03.png> <./plotdie05.png> <./plotdie09.png>]
<largestedgesim2.png, id=101, 391.4625pt x 328.22626pt>
File: largestedgesim2.png Graphic file (type png)

<use largestedgesim2.png>
Package pdftex.def Info: largestedgesim2.png used on input line 319.
(pdftex.def)             Requested size: 170.71652pt x 143.13786pt.

<lowestedgesim2.png, id=102, 391.4625pt x 328.22626pt>
File: lowestedgesim2.png Graphic file (type png)

<use lowestedgesim2.png>
Package pdftex.def Info: lowestedgesim2.png used on input line 322.
(pdftex.def)             Requested size: 170.71652pt x 143.13786pt.
 <largestsim2.png, id=103, 391.4625pt x 328.22626pt>
File: largestsim2.png Graphic file (type png)

<use largestsim2.png>
Package pdftex.def Info: largestsim2.png used on input line 326.
(pdftex.def)             Requested size: 170.71652pt x 143.13786pt.
 <minspantreesim2.png, id=104, 391.4625pt x 328.22626pt>
File: minspantreesim2.png Graphic file (type png)

<use minspantreesim2.png>
Package pdftex.def Info: minspantreesim2.png used on input line 329.
(pdftex.def)             Requested size: 170.71652pt x 143.13786pt.

Overfull \hbox (20.43304pt too wide) in paragraph at lines 316--333
 [][] 
 []

[9 <./realworldplotsim2.png>]
<22InitialNode_Center_of_graph_1.png, id=109, 386.44376pt x 256.96pt>
File: 22InitialNode_Center_of_graph_1.png Graphic file (type png)

<use 22InitialNode_Center_of_graph_1.png>
Package pdftex.def Info: 22InitialNode_Center_of_graph_1.png used on input line
 345.
(pdftex.def)             Requested size: 170.71652pt x 113.51364pt.

<22InitialNode_Center_of_graph_2.png, id=110, 391.4625pt x 328.22626pt>
File: 22InitialNode_Center_of_graph_2.png Graphic file (type png)

<use 22InitialNode_Center_of_graph_2.png>
Package pdftex.def Info: 22InitialNode_Center_of_graph_2.png used on input line
 348.
(pdftex.def)             Requested size: 170.71652pt x 143.13786pt.

Overfull \hbox (20.43304pt too wide) in paragraph at lines 342--352
 [][] 
 []

[10 <./largestedgesim2.png> <./lowestedgesim2.png> <./largestsim2.png> <./minsp
antreesim2.png>]
<22MinDegree_Centrality_source_node_1.png, id=118, 386.44376pt x 256.96pt>
File: 22MinDegree_Centrality_source_node_1.png Graphic file (type png)

<use 22MinDegree_Centrality_source_node_1.png>
Package pdftex.def Info: 22MinDegree_Centrality_source_node_1.png used on input
 line 361.
(pdftex.def)             Requested size: 170.71652pt x 113.51364pt.

<22MinDegree_Centrality_source_node_2.png, id=119, 391.4625pt x 328.22626pt>
File: 22MinDegree_Centrality_source_node_2.png Graphic file (type png)

<use 22MinDegree_Centrality_source_node_2.png>
Package pdftex.def Info: 22MinDegree_Centrality_source_node_2.png used on input
 line 364.
(pdftex.def)             Requested size: 170.71652pt x 143.13786pt.

<22MaxDegree_Centrality_source_node_1.png, id=120, 386.44376pt x 256.96pt>
File: 22MaxDegree_Centrality_source_node_1.png Graphic file (type png)

<use 22MaxDegree_Centrality_source_node_1.png>
Package pdftex.def Info: 22MaxDegree_Centrality_source_node_1.png used on input
 line 368.
(pdftex.def)             Requested size: 170.71652pt x 113.51364pt.

<22MaxDegree_Centrality_source_node_2.png, id=121, 391.4625pt x 328.22626pt>
File: 22MaxDegree_Centrality_source_node_2.png Graphic file (type png)

<use 22MaxDegree_Centrality_source_node_2.png>
Package pdftex.def Info: 22MaxDegree_Centrality_source_node_2.png used on input
 line 371.
(pdftex.def)             Requested size: 170.71652pt x 143.13786pt.

Overfull \hbox (20.43304pt too wide) in paragraph at lines 358--375
 [][] 
 []

[11 <./22InitialNode_Center_of_graph_1.png> <./22InitialNode_Center_of_graph_2.
png>]
<22MaxBetweeness_centrality_sourcenode_1.png, id=127, 386.44376pt x 256.96pt>
File: 22MaxBetweeness_centrality_sourcenode_1.png Graphic file (type png)

<use 22MaxBetweeness_centrality_sourcenode_1.png>
Package pdftex.def Info: 22MaxBetweeness_centrality_sourcenode_1.png used on in
put line 384.
(pdftex.def)             Requested size: 170.71652pt x 113.51364pt.

<22MaxBetweeness_centrality_sourcenode_2.png, id=128, 391.4625pt x 328.22626pt>
File: 22MaxBetweeness_centrality_sourcenode_2.png Graphic file (type png)
<use 22MaxBetweeness_centrality_sourcenode_2.png>
Package pdftex.def Info: 22MaxBetweeness_centrality_sourcenode_2.png used on in
put line 387.
(pdftex.def)             Requested size: 170.71652pt x 143.13786pt.

<22MinBetweeness_centrality_sourcenode_1.png, id=129, 386.44376pt x 256.96pt>
File: 22MinBetweeness_centrality_sourcenode_1.png Graphic file (type png)

<use 22MinBetweeness_centrality_sourcenode_1.png>
Package pdftex.def Info: 22MinBetweeness_centrality_sourcenode_1.png used on in
put line 391.
(pdftex.def)             Requested size: 170.71652pt x 113.51364pt.

<22MinBetweeness_centrality_sourcenode_2.png, id=130, 391.4625pt x 328.22626pt>
File: 22MinBetweeness_centrality_sourcenode_2.png Graphic file (type png)
<use 22MinBetweeness_centrality_sourcenode_2.png>
Package pdftex.def Info: 22MinBetweeness_centrality_sourcenode_2.png used on in
put line 394.
(pdftex.def)             Requested size: 170.71652pt x 143.13786pt.

Overfull \hbox (20.43304pt too wide) in paragraph at lines 381--398
 [][] 
 []

[12 <./22MinDegree_Centrality_source_node_1.png> <./22MinDegree_Centrality_sour
ce_node_2.png> <./22MaxDegree_Centrality_source_node_1.png> <./22MaxDegree_Cent
rality_source_node_2.png>]
<InitialNode_Center_of_graph_1.png, id=138, 386.44376pt x 256.96pt>
File: InitialNode_Center_of_graph_1.png Graphic file (type png)

<use InitialNode_Center_of_graph_1.png>
Package pdftex.def Info: InitialNode_Center_of_graph_1.png used on input line 4
11.
(pdftex.def)             Requested size: 170.71652pt x 113.51364pt.

<InitialNode_Center_of_graph_2.png, id=139, 391.4625pt x 328.22626pt>
File: InitialNode_Center_of_graph_2.png Graphic file (type png)

<use InitialNode_Center_of_graph_2.png>
Package pdftex.def Info: InitialNode_Center_of_graph_2.png used on input line 4
14.
(pdftex.def)             Requested size: 170.71652pt x 143.13786pt.

Overfull \hbox (20.43304pt too wide) in paragraph at lines 408--418
 [][] 
 []

<MinDegree_Centrality_source_node_1.png, id=140, 386.44376pt x 256.96pt>
File: MinDegree_Centrality_source_node_1.png Graphic file (type png)

<use MinDegree_Centrality_source_node_1.png>
Package pdftex.def Info: MinDegree_Centrality_source_node_1.png used on input l
ine 428.
(pdftex.def)             Requested size: 170.71652pt x 113.51364pt.

<MinDegree_Centrality_source_node_2.png, id=141, 391.4625pt x 328.22626pt>
File: MinDegree_Centrality_source_node_2.png Graphic file (type png)

<use MinDegree_Centrality_source_node_2.png>
Package pdftex.def Info: MinDegree_Centrality_source_node_2.png used on input l
ine 431.
(pdftex.def)             Requested size: 170.71652pt x 143.13786pt.

<MaxDegree_Centrality_source_node_1.png, id=142, 386.44376pt x 256.96pt>
File: MaxDegree_Centrality_source_node_1.png Graphic file (type png)

<use MaxDegree_Centrality_source_node_1.png>
Package pdftex.def Info: MaxDegree_Centrality_source_node_1.png used on input l
ine 435.
(pdftex.def)             Requested size: 170.71652pt x 113.51364pt.

<MaxDegree_Centrality_source_node_2.png, id=143, 391.4625pt x 328.22626pt>
File: MaxDegree_Centrality_source_node_2.png Graphic file (type png)

<use MaxDegree_Centrality_source_node_2.png>
Package pdftex.def Info: MaxDegree_Centrality_source_node_2.png used on input l
ine 438.
(pdftex.def)             Requested size: 170.71652pt x 143.13786pt.

Overfull \hbox (20.43304pt too wide) in paragraph at lines 425--442
 [][] 
 []

[13 <./22MaxBetweeness_centrality_sourcenode_1.png> <./22MaxBetweeness_centrali
ty_sourcenode_2.png> <./22MinBetweeness_centrality_sourcenode_1.png> <./22MinBe
tweeness_centrality_sourcenode_2.png> <./InitialNode_Center_of_graph_1.png> <./
InitialNode_Center_of_graph_2.png>]
<MaxBetweeness_centrality_sourcenode_1.png, id=154, 386.44376pt x 256.96pt>
File: MaxBetweeness_centrality_sourcenode_1.png Graphic file (type png)

<use MaxBetweeness_centrality_sourcenode_1.png>
Package pdftex.def Info: MaxBetweeness_centrality_sourcenode_1.png used on inpu
t line 451.
(pdftex.def)             Requested size: 170.71652pt x 113.51364pt.

<MaxBetweeness_centrality_sourcenode_2.png, id=155, 391.4625pt x 328.22626pt>
File: MaxBetweeness_centrality_sourcenode_2.png Graphic file (type png)

<use MaxBetweeness_centrality_sourcenode_2.png>
Package pdftex.def Info: MaxBetweeness_centrality_sourcenode_2.png used on inpu
t line 454.
(pdftex.def)             Requested size: 170.71652pt x 143.13786pt.

<MinBetweeness_centrality_sourcenode_1.png, id=156, 386.44376pt x 256.96pt>
File: MinBetweeness_centrality_sourcenode_1.png Graphic file (type png)

<use MinBetweeness_centrality_sourcenode_1.png>
Package pdftex.def Info: MinBetweeness_centrality_sourcenode_1.png used on inpu
t line 458.
(pdftex.def)             Requested size: 170.71652pt x 113.51364pt.

<MinBetweeness_centrality_sourcenode_2.png, id=157, 391.4625pt x 328.22626pt>
File: MinBetweeness_centrality_sourcenode_2.png Graphic file (type png)

<use MinBetweeness_centrality_sourcenode_2.png>
Package pdftex.def Info: MinBetweeness_centrality_sourcenode_2.png used on inpu
t line 461.
(pdftex.def)             Requested size: 170.71652pt x 143.13786pt.

Overfull \hbox (20.43304pt too wide) in paragraph at lines 448--465
 [][] 
 []

[14 <./MinDegree_Centrality_source_node_1.png> <./MinDegree_Centrality_source_n
ode_2.png> <./MaxDegree_Centrality_source_node_1.png> <./MaxDegree_Centrality_s
ource_node_2.png>] [15 <./MaxBetweeness_centrality_sourcenode_1.png> <./MaxBetw
eeness_centrality_sourcenode_2.png> <./MinBetweeness_centrality_sourcenode_1.pn
g> <./MinBetweeness_centrality_sourcenode_2.png>] (./pictures.aux)

LaTeX Warning: There were multiply-defined labels.

 ) 
Here is how much of TeX's memory you used:
 3047 strings out of 493014
 54440 string characters out of 6133351
 108514 words of memory out of 5000000
 6527 multiletter control sequences out of 15000+600000
 6981 words of font info for 25 fonts, out of 8000000 for 9000
 1141 hyphenation exceptions out of 8191
 37i,17n,39p,237b,429s stack positions out of 5000i,500n,10000p,200000b,80000s
</usr/local/texlive/2016/texmf-dist/fonts/type1/public/amsfonts/cm/cmbx10.pfb
></usr/local/texlive/2016/texmf-dist/fonts/type1/public/amsfonts/cm/cmbx12.pfb>
</usr/local/texlive/2016/texmf-dist/fonts/type1/public/amsfonts/cm/cmmi10.pfb><
/usr/local/texlive/2016/texmf-dist/fonts/type1/public/amsfonts/cm/cmr10.pfb></u
sr/local/texlive/2016/texmf-dist/fonts/type1/public/amsfonts/cm/cmsy10.pfb>
Output written on pictures.pdf (15 pages, 1483396 bytes).
PDF statistics:
 190 PDF objects out of 1000 (max. 8388607)
 51 compressed objects within 1 object stream
 0 named destinations out of 1000 (max. 500000)
 291 words of extra memory for PDF output out of 10000 (max. 10000000)

